<?xml version="1.0" encoding="UTF-8"?>
<robot generator="Robot 7.3.1 (Python 3.13.5 on darwin)" generated="2025-07-11T16:50:34.501735" rpa="false" schemaversion="5">
<suite id="s1" name="Get Account Details By Valid ID" source="/Users/vivadivel/Desktop/gorest-api-framework/tests/Sandbox_Account/Get/Get_Account_Details_By_Valid_ID.robot">
<kw name="Load Access Token And Account Data" owner="keyword" type="SETUP">
<kw name="Load Access Token" owner="keyword">
<kw name="Get File" owner="OperatingSystem">
<msg time="2025-07-11T16:50:34.617970" level="INFO" html="true">Getting file '&lt;a href="file:///Users/vivadivel/Desktop/gorest-api-framework/data/token.txt"&gt;/Users/vivadivel/Desktop/gorest-api-framework/data/token.txt&lt;/a&gt;'.</msg>
<msg time="2025-07-11T16:50:34.618864" level="INFO">${token} = 00DgL000006I3IZ!AQEAQE2QKXIpG1XhSwVLACDUhm4k2WunevobdMIy6AO7FwrNZ7yd511ZVWZl4b_Y_0eQLpGSgy0RtVes8_c0QPceXxbY.ygh</msg>
<var>${token}</var>
<arg>${TOKEN_FILE}</arg>
<doc>Returns the contents of a specified file.</doc>
<status status="PASS" start="2025-07-11T16:50:34.617868" elapsed="0.001052"/>
</kw>
<kw name="Set Suite Variable" owner="BuiltIn">
<msg time="2025-07-11T16:50:34.619383" level="INFO">${ACCESS_TOKEN} = 00DgL000006I3IZ!AQEAQE2QKXIpG1XhSwVLACDUhm4k2WunevobdMIy6AO7FwrNZ7yd511ZVWZl4b_Y_0eQLpGSgy0RtVes8_c0QPceXxbY.ygh</msg>
<arg>${ACCESS_TOKEN}</arg>
<arg>${token}</arg>
<doc>Makes a variable available everywhere within the scope of the current suite.</doc>
<status status="PASS" start="2025-07-11T16:50:34.619024" elapsed="0.000416"/>
</kw>
<doc>Loads the access token from file</doc>
<status status="PASS" start="2025-07-11T16:50:34.617631" elapsed="0.001863"/>
</kw>
<kw name="Load Account Data" owner="keyword">
<kw name="Get File" owner="OperatingSystem">
<msg time="2025-07-11T16:50:34.619918" level="INFO" html="true">Getting file '&lt;a href="file:///Users/vivadivel/Desktop/gorest-api-framework/data/account_data.json"&gt;/Users/vivadivel/Desktop/gorest-api-framework/data/account_data.json&lt;/a&gt;'.</msg>
<msg time="2025-07-11T16:50:34.620362" level="INFO">${json} = {
  "Name": "himanshu Corporation"
}
</msg>
<var>${json}</var>
<arg>${ACCOUNT_DATA_FILE}</arg>
<doc>Returns the contents of a specified file.</doc>
<status status="PASS" start="2025-07-11T16:50:34.619664" elapsed="0.000803"/>
</kw>
<kw name="Evaluate" owner="BuiltIn">
<msg time="2025-07-11T16:50:34.620764" level="INFO">${account_data} = {'Name': 'himanshu Corporation'}</msg>
<var>${account_data}</var>
<arg>json.loads('''${json}''')</arg>
<arg>json</arg>
<doc>Evaluates the given expression in Python and returns the result.</doc>
<status status="PASS" start="2025-07-11T16:50:34.620531" elapsed="0.000281"/>
</kw>
<kw name="Set Suite Variable" owner="BuiltIn">
<msg time="2025-07-11T16:50:34.620989" level="INFO">${ACCOUNT_DATA} = {'Name': 'himanshu Corporation'}</msg>
<arg>${ACCOUNT_DATA}</arg>
<arg>${account_data}</arg>
<doc>Makes a variable available everywhere within the scope of the current suite.</doc>
<status status="PASS" start="2025-07-11T16:50:34.620885" elapsed="0.000148"/>
</kw>
<doc>Loads the account data from JSON file</doc>
<status status="PASS" start="2025-07-11T16:50:34.619571" elapsed="0.001507"/>
</kw>
<doc>Loads both access token and account data</doc>
<status status="PASS" start="2025-07-11T16:50:34.617476" elapsed="0.003655"/>
</kw>
<test id="s1-t1" name="Read Account And Validate Data" line="9">
<kw name="Set Variable" owner="BuiltIn">
<msg time="2025-07-11T16:50:34.621543" level="INFO">${account_id} = 001gL00000DfZFGQA3</msg>
<var>${account_id}</var>
<arg>001gL00000DfZFGQA3</arg>
<doc>Returns the given values which can then be assigned to a variables.</doc>
<status status="PASS" start="2025-07-11T16:50:34.621457" elapsed="0.000181"/>
</kw>
<kw name="Create Dictionary" owner="BuiltIn">
<msg time="2025-07-11T16:50:34.622012" level="INFO">${headers} = {'Authorization': 'Bearer 00DgL000006I3IZ!AQEAQE2QKXIpG1XhSwVLACDUhm4k2WunevobdMIy6AO7FwrNZ7yd511ZVWZl4b_Y_0eQLpGSgy0RtVes8_c0QPceXxbY.ygh'}</msg>
<var>${headers}</var>
<arg>Authorization=Bearer ${ACCESS_TOKEN}</arg>
<doc>Creates and returns a dictionary based on the given ``items``.</doc>
<status status="PASS" start="2025-07-11T16:50:34.621760" elapsed="0.000294"/>
</kw>
<kw name="GET" owner="RequestsLibrary">
<msg time="2025-07-11T16:50:35.121007" level="INFO">GET Request : url=https://orgfarm-2acc2d9727-dev-ed.develop.my.salesforce.com/services/data/v62.0/sobjects/Account/001gL00000DfZFGQA3 
 path_url=/services/data/v62.0/sobjects/Account/001gL00000DfZFGQA3 
 headers={'User-Agent': 'python-requests/2.32.4', 'Accept-Encoding': 'gzip, deflate', 'Accept': '*/*', 'Connection': 'keep-alive', 'Authorization': 'Bearer 00DgL000006I3IZ!AQEAQE2QKXIpG1XhSwVLACDUhm4k2WunevobdMIy6AO7FwrNZ7yd511ZVWZl4b_Y_0eQLpGSgy0RtVes8_c0QPceXxbY.ygh'} 
 body=None 
 </msg>
<msg time="2025-07-11T16:50:35.121388" level="INFO">GET Response : url=https://orgfarm-2acc2d9727-dev-ed.develop.my.salesforce.com/services/data/v62.0/sobjects/Account/001gL00000DfZFGQA3 
 status=200, reason=OK 
 headers={'Date': 'Fri, 11 Jul 2025 11:20:35 GMT', 'Content-Type': 'application/json;charset=UTF-8', 'Transfer-Encoding': 'chunked', 'Connection': 'keep-alive', 'X-Content-Type-Options': 'nosniff', 'Sforce-Limit-Info': 'api-usage=246/15000', 'Cache-Control': 'no-cache,must-revalidate,max-age=0,no-store,private', 'Strict-Transport-Security': 'max-age=63072000; includeSubDomains', 'Vary': 'Accept-Encoding', 'X-Robots-Tag': 'none', 'Content-Encoding': 'gzip', 'ETag': '"r+xrsdJ/hKZqeBdLmf9cM6XpLq0fV5VuRhpoyNanCKs=--gzip"', 'Last-Modified': 'Fri, 11 Jul 2025 11:18:16 GMT', 'Set-Cookie': 'CookieConsentPolicy=0:1; path=/; expires=Sat, 11-Jul-2026 11:20:34 GMT; Max-Age=31536000; secure, LSKey-c$CookieConsentPolicy=0:1; path=/; expires=Sat, 11-Jul-2026 11:20:34 GMT; Max-Age=31536000; secure, BrowserId=EGmtrF5JEfCNNeka9MqBdg; domain=.salesforce.com; path=/; expires=Sat, 11-Jul-2026 11:20:34 GMT; Max-Age=31536000; secure; SameSite=None', 'Server': 'sfdcedge', 'X-SFDC-Request-Id': 'ea5a5b0b25ada688c10da078c97fe7da', 'X-Request-Id': 'ea5a5b0b25ada688c10da078c97fe7da', 'X-SFDC-Edge-Cache': 'MISS'} 
 body={"attributes":{"type":"Account","url":"/services/data/v62.0/sobjects/Account/001gL00000DfZFGQA3"},"Id":"001gL00000DfZFGQA3","IsDeleted":false,"MasterRecordId":null,"Name":"himanshu Corporation","Type":"Customer - Direct","ParentId":null,"BillingStreet":"123 Main St","BillingCity":"LA","BillingState":"California","BillingPostalCode":"90001","BillingCountry":"United States","BillingStateCode":"CA","BillingCountryCode":"US","BillingLatitude":null,"BillingLongitude":null,"BillingGeocodeAccuracy":null,"BillingAddress":{"city":"LA","country":"United States","countryCode":"US","geocodeAccuracy":null,"latitude":null,"longitude":null,"postalCode":"90001","state":"California","stateCode":"CA","street":"123 Main St"},"ShippingStreet":"123 Main St","ShippingCity":"California","ShippingState":"California","ShippingPostalCode":"90001","ShippingCountry":"United States","ShippingStateCode":"CA","ShippingCountryCode":"US","ShippingLatitude":null,"ShippingLongitude":null,"ShippingGeocodeAccuracy":null,"ShippingAddress":{"city":"California","country":"United States","countryCode":"US","geocodeAccuracy":null,"latitude":null,"longitude":null,"postalCode":"90001","state":"California","stateCode":"CA","street":"123 Main St"},"Phone":"555-9999","Fax":"555-5678","AccountNumber":"321324334","Website":"https://acme.example.com","PhotoUrl":"/services/images/photo/001gL00000DfZFGQA3","Sic":null,"Industry":"Manufacturing","AnnualRevenue":5000000.0,"NumberOfEmployees":310,"Ownership":"Public","TickerSymbol":"ACME","Description":"Test account created via Robot Framework automation","Rating":"Hot","Site":"US Site","OwnerId":"005gL000004TfrtQAC","CreatedDate":"2025-07-11T11:10:31.000+0000","CreatedById":"005gL000004TfrtQAC","LastModifiedDate":"2025-07-11T11:18:16.000+0000","LastModifiedById":"005gL000004TfrtQAC","SystemModstamp":"2025-07-11T11:18:16.000+0000","LastActivityDate":null,"LastViewedDate":"2025-07-11T11:18:29.000+0000","LastReferencedDate":"2025-07-11T11:18:29.000+0000","Jigsaw":"Jigsaw12345","JigsawCompanyId":"Jigsaw12345","CleanStatus":"Pending","AccountSource":null,"DunsNumber":"123456789","Tradestyle":null,"NaicsCode":null,"NaicsDesc":null,"YearStarted":"2010","SicDesc":null,"DandbCompanyId":null,"OperatingHoursId":null,"CustomerPriority__c":"High","SLA__c":"Platinum","Active__c":"Yes","NumberofLocations__c":null,"UpsellOpportunity__c":"Yes","SLASerialNumber__c":"SN12345678","SLAExpirationDate__c":"2025-12-31"} 
 </msg>
<msg time="2025-07-11T16:50:35.121812" level="INFO">${resp} = &lt;Response [200]&gt;</msg>
<var>${resp}</var>
<arg>${INSTANCE_URL}/services/data/${API_VERSION}/sobjects/Account/${account_id}</arg>
<arg>headers=${headers}</arg>
<doc>Sends a GET request.</doc>
<status status="PASS" start="2025-07-11T16:50:34.622247" elapsed="0.499699"/>
</kw>
<kw name="Should Be Equal As Integers" owner="BuiltIn">
<msg time="2025-07-11T16:50:35.123134" level="INFO">Argument types are:
&lt;class 'int'&gt;
&lt;class 'str'&gt;</msg>
<arg>${resp.status_code}</arg>
<arg>200</arg>
<doc>Fails if objects are unequal after converting them to integers.</doc>
<status status="PASS" start="2025-07-11T16:50:35.122390" elapsed="0.000859"/>
</kw>
<kw name="To Json" owner="RequestsLibrary">
<msg time="2025-07-11T16:50:35.123526" level="WARN">Keyword 'RequestsLibrary.To Json' is deprecated. Please use ${resp.json()} instead. Have a look at the improved HTML output as pretty printing replacement.</msg>
<msg time="2025-07-11T16:50:35.124098" level="INFO">To JSON using : content={"attributes":{"type":"Account","url":"/services/data/v62.0/sobjects/Account/001gL00000DfZFGQA3"},"Id":"001gL00000DfZFGQA3","IsDeleted":false,"MasterRecordId":null,"Name":"himanshu Corporation","Type":"Customer - Direct","ParentId":null,"BillingStreet":"123 Main St","BillingCity":"LA","BillingState":"California","BillingPostalCode":"90001","BillingCountry":"United States","BillingStateCode":"CA","BillingCountryCode":"US","BillingLatitude":null,"BillingLongitude":null,"BillingGeocodeAccuracy":null,"BillingAddress":{"city":"LA","country":"United States","countryCode":"US","geocodeAccuracy":null,"latitude":null,"longitude":null,"postalCode":"90001","state":"California","stateCode":"CA","street":"123 Main St"},"ShippingStreet":"123 Main St","ShippingCity":"California","ShippingState":"California","ShippingPostalCode":"90001","ShippingCountry":"United States","ShippingStateCode":"CA","ShippingCountryCode":"US","ShippingLatitude":null,"ShippingLongitude":null,"ShippingGeocodeAccuracy":null,"ShippingAddress":{"city":"California","country":"United States","countryCode":"US","geocodeAccuracy":null,"latitude":null,"longitude":null,"postalCode":"90001","state":"California","stateCode":"CA","street":"123 Main St"},"Phone":"555-9999","Fax":"555-5678","AccountNumber":"321324334","Website":"https://acme.example.com","PhotoUrl":"/services/images/photo/001gL00000DfZFGQA3","Sic":null,"Industry":"Manufacturing","AnnualRevenue":5000000.0,"NumberOfEmployees":310,"Ownership":"Public","TickerSymbol":"ACME","Description":"Test account created via Robot Framework automation","Rating":"Hot","Site":"US Site","OwnerId":"005gL000004TfrtQAC","CreatedDate":"2025-07-11T11:10:31.000+0000","CreatedById":"005gL000004TfrtQAC","LastModifiedDate":"2025-07-11T11:18:16.000+0000","LastModifiedById":"005gL000004TfrtQAC","SystemModstamp":"2025-07-11T11:18:16.000+0000","LastActivityDate":null,"LastViewedDate":"2025-07-11T11:18:29.000+0000","LastReferencedDate":"2025-07-11T11:18:29.000+0000","Jigsaw":"Jigsaw12345","JigsawCompanyId":"Jigsaw12345","CleanStatus":"Pending","AccountSource":null,"DunsNumber":"123456789","Tradestyle":null,"NaicsCode":null,"NaicsDesc":null,"YearStarted":"2010","SicDesc":null,"DandbCompanyId":null,"OperatingHoursId":null,"CustomerPriority__c":"High","SLA__c":"Platinum","Active__c":"Yes","NumberofLocations__c":null,"UpsellOpportunity__c":"Yes","SLASerialNumber__c":"SN12345678","SLAExpirationDate__c":"2025-12-31"} </msg>
<msg time="2025-07-11T16:50:35.124163" level="INFO">To JSON using : pretty_print=False </msg>
<msg time="2025-07-11T16:50:35.124266" level="INFO">${account} = {'attributes': {'type': 'Account', 'url': '/services/data/v62.0/sobjects/Account/001gL00000DfZFGQA3'}, 'Id': '001gL00000DfZFGQA3', 'IsDeleted': False, 'MasterRecordId': None, 'Name': 'himanshu Corpora...</msg>
<var>${account}</var>
<arg>${resp.content}</arg>
<doc>*DEPRECATED* Please use ${resp.json()} instead. Have a look at the improved HTML output as pretty printing replacement.</doc>
<status status="PASS" start="2025-07-11T16:50:35.123459" elapsed="0.000851"/>
</kw>
<kw name="Should Be Equal" owner="BuiltIn">
<arg>${account['Id']}</arg>
<arg>${account_id}</arg>
<doc>Fails if the given objects are unequal.</doc>
<status status="PASS" start="2025-07-11T16:50:35.124433" elapsed="0.000312"/>
</kw>
<kw name="Log To Console" owner="BuiltIn">
<arg>${resp}</arg>
<doc>Logs the given message to the console.</doc>
<status status="PASS" start="2025-07-11T16:50:35.124888" elapsed="0.000144"/>
</kw>
<kw name="Log To Console" owner="BuiltIn">
<arg>${resp.text}</arg>
<doc>Logs the given message to the console.</doc>
<status status="PASS" start="2025-07-11T16:50:35.125113" elapsed="0.000348"/>
</kw>
<tag>regression</tag>
<tag>smoke</tag>
<status status="PASS" start="2025-07-11T16:50:34.621175" elapsed="0.504491"/>
</test>
<status status="PASS" start="2025-07-11T16:50:34.503773" elapsed="0.622393"/>
</suite>
<statistics>
<total>
<stat pass="1" fail="0" skip="0">All Tests</stat>
</total>
<tag>
<stat pass="1" fail="0" skip="0">regression</stat>
<stat pass="1" fail="0" skip="0">smoke</stat>
</tag>
<suite>
<stat name="Get Account Details By Valid ID" id="s1" pass="1" fail="0" skip="0">Get Account Details By Valid ID</stat>
</suite>
</statistics>
<errors>
<msg time="2025-07-11T16:50:35.123526" level="WARN">Keyword 'RequestsLibrary.To Json' is deprecated. Please use ${resp.json()} instead. Have a look at the improved HTML output as pretty printing replacement.</msg>
</errors>
</robot>
