<?xml version="1.0" encoding="UTF-8"?>
<robot generator="Robot 7.3.1 (Python 3.13.5 on darwin)" generated="2025-07-08T12:59:31.011789" rpa="false" schemaversion="5">
<suite id="s1" name="Create Account Invalid Json" source="/Users/vivadivel/Desktop/gorest-api-framework/tests/Sandbox_Account/Create/Create_Account_Invalid_Json.robot">
<kw name="Load Access Token And Account Data" owner="keyword" type="SETUP">
<kw name="Load Access Token" owner="keyword">
<kw name="Get File" owner="OperatingSystem">
<msg time="2025-07-08T12:59:31.135842" level="INFO" html="true">Getting file '&lt;a href="file:///Users/vivadivel/Desktop/gorest-api-framework/data/token.txt"&gt;/Users/vivadivel/Desktop/gorest-api-framework/data/token.txt&lt;/a&gt;'.</msg>
<msg time="2025-07-08T12:59:31.136137" level="INFO">${token} = 00DgL000006I3IZ!AQEAQG9AXJk7J92SbLHIGrvwIWRyp_hQrSWJgagyHRXswdxKcUIqlZG.Un2S9nVsfl6H2fA8mIeoaKgQvCzIbejRQJmCo26k</msg>
<var>${token}</var>
<arg>${TOKEN_FILE}</arg>
<doc>Returns the contents of a specified file.</doc>
<status status="PASS" start="2025-07-08T12:59:31.135762" elapsed="0.000388"/>
</kw>
<kw name="Set Suite Variable" owner="BuiltIn">
<msg time="2025-07-08T12:59:31.136497" level="INFO">${ACCESS_TOKEN} = 00DgL000006I3IZ!AQEAQG9AXJk7J92SbLHIGrvwIWRyp_hQrSWJgagyHRXswdxKcUIqlZG.Un2S9nVsfl6H2fA8mIeoaKgQvCzIbejRQJmCo26k</msg>
<arg>${ACCESS_TOKEN}</arg>
<arg>${token}</arg>
<doc>Makes a variable available everywhere within the scope of the current suite.</doc>
<status status="PASS" start="2025-07-08T12:59:31.136206" elapsed="0.000310"/>
</kw>
<doc>Loads the access token from file</doc>
<status status="PASS" start="2025-07-08T12:59:31.135537" elapsed="0.001006"/>
</kw>
<kw name="Load Account Data" owner="keyword">
<kw name="Get File" owner="OperatingSystem">
<msg time="2025-07-08T12:59:31.136693" level="INFO" html="true">Getting file '&lt;a href="file:///Users/vivadivel/Desktop/gorest-api-framework/data/account_data.json"&gt;/Users/vivadivel/Desktop/gorest-api-framework/data/account_data.json&lt;/a&gt;'.</msg>
<msg time="2025-07-08T12:59:31.137031" level="INFO">${json} = {
  "Name": "Pears Corporation"
}
</msg>
<var>${json}</var>
<arg>${ACCOUNT_DATA_FILE}</arg>
<doc>Returns the contents of a specified file.</doc>
<status status="PASS" start="2025-07-08T12:59:31.136645" elapsed="0.000395"/>
</kw>
<kw name="Evaluate" owner="BuiltIn">
<msg time="2025-07-08T12:59:31.137185" level="INFO">${account_data} = {'Name': 'Pears Corporation'}</msg>
<var>${account_data}</var>
<arg>json.loads('''${json}''')</arg>
<arg>json</arg>
<doc>Evaluates the given expression in Python and returns the result.</doc>
<status status="PASS" start="2025-07-08T12:59:31.137079" elapsed="0.000113"/>
</kw>
<kw name="Set Suite Variable" owner="BuiltIn">
<msg time="2025-07-08T12:59:31.137293" level="INFO">${ACCOUNT_DATA} = {'Name': 'Pears Corporation'}</msg>
<arg>${ACCOUNT_DATA}</arg>
<arg>${account_data}</arg>
<doc>Makes a variable available everywhere within the scope of the current suite.</doc>
<status status="PASS" start="2025-07-08T12:59:31.137230" elapsed="0.000077"/>
</kw>
<doc>Loads the account data from JSON file</doc>
<status status="PASS" start="2025-07-08T12:59:31.136591" elapsed="0.000737"/>
</kw>
<doc>Loads both access token and account data</doc>
<status status="PASS" start="2025-07-08T12:59:31.135423" elapsed="0.001920"/>
</kw>
<test id="s1-t1" name="Create Account With Invalid JSON" line="10">
<kw name="Create Dictionary" owner="BuiltIn">
<msg time="2025-07-08T12:59:31.137622" level="INFO">${headers} = {'Authorization': 'Bearer 00DgL000006I3IZ!AQEAQG9AXJk7J92SbLHIGrvwIWRyp_hQrSWJgagyHRXswdxKcUIqlZG.Un2S9nVsfl6H2fA8mIeoaKgQvCzIbejRQJmCo26k', 'Content-Type': 'application/json'}</msg>
<var>${headers}</var>
<arg>Authorization=Bearer ${ACCESS_TOKEN}</arg>
<arg>Content-Type=application/json</arg>
<doc>Creates and returns a dictionary based on the given ``items``.</doc>
<status status="PASS" start="2025-07-08T12:59:31.137505" elapsed="0.000127"/>
</kw>
<kw name="POST" owner="RequestsLibrary">
<msg time="2025-07-08T12:59:31.970233" level="INFO">POST Request : url=https://orgfarm-2acc2d9727-dev-ed.develop.my.salesforce.com/services/data/v62.0/sobjects/Account/ 
 path_url=/services/data/v62.0/sobjects/Account/ 
 headers={'User-Agent': 'python-requests/2.32.4', 'Accept-Encoding': 'gzip, deflate', 'Accept': '*/*', 'Connection': 'keep-alive', 'Authorization': 'Bearer 00DgL000006I3IZ!AQEAQG9AXJk7J92SbLHIGrvwIWRyp_hQrSWJgagyHRXswdxKcUIqlZG.Un2S9nVsfl6H2fA8mIeoaKgQvCzIbejRQJmCo26k', 'Content-Type': 'application/json', 'Content-Length': '85'} 
 body=b'"/Users/vivadivel/Desktop/gorest-api-framework/resources/../data/malformed_data.json"' 
 </msg>
<msg time="2025-07-08T12:59:31.970479" level="INFO">POST Response : url=https://orgfarm-2acc2d9727-dev-ed.develop.my.salesforce.com/services/data/v62.0/sobjects/Account/ 
 status=400, reason=Bad Request 
 headers={'Date': 'Tue, 08 Jul 2025 07:29:31 GMT', 'Content-Type': 'application/json;charset=UTF-8', 'Transfer-Encoding': 'chunked', 'Connection': 'keep-alive', 'Strict-Transport-Security': 'max-age=63072000; includeSubDomains', 'X-Robots-Tag': 'none', 'Set-Cookie': 'CookieConsentPolicy=0:1; path=/; expires=Wed, 08-Jul-2026 07:29:31 GMT; Max-Age=31536000; secure, LSKey-c$CookieConsentPolicy=0:1; path=/; expires=Wed, 08-Jul-2026 07:29:31 GMT; Max-Age=31536000; secure, BrowserId=Sf-oY1vNEfCZpj0MpK9WRw; domain=.salesforce.com; path=/; expires=Wed, 08-Jul-2026 07:29:31 GMT; Max-Age=31536000; secure; SameSite=None', 'X-Content-Type-Options': 'nosniff', 'Cache-Control': 'no-cache,must-revalidate,max-age=0,no-store,private', 'Sforce-Limit-Info': 'api-usage=1/15000', 'Server': 'sfdcedge', 'X-SFDC-Request-Id': 'f64fd35cdffd32753d94b0beadc85a3f', 'X-Request-Id': 'f64fd35cdffd32753d94b0beadc85a3f'} 
 body=[{"message":"Json Deserialization failed on token 'null' and has left off in the middle of parsing a row. Will go to end of row to begin parsing the next row","errorCode":"INVALID_FIELD"}] 
 </msg>
<msg time="2025-07-08T12:59:31.970777" level="FAIL">HTTPError: 400 Client Error: Bad Request for url: https://orgfarm-2acc2d9727-dev-ed.develop.my.salesforce.com/services/data/v62.0/sobjects/Account/</msg>
<var>${resp}</var>
<arg>${INSTANCE_URL}/services/data/${API_VERSION}/sobjects/Account/</arg>
<arg>headers=${headers}</arg>
<arg>json=${MALFORMED_JSON}</arg>
<doc>Sends a POST request.</doc>
<status status="FAIL" start="2025-07-08T12:59:31.137685" elapsed="0.839121">HTTPError: 400 Client Error: Bad Request for url: https://orgfarm-2acc2d9727-dev-ed.develop.my.salesforce.com/services/data/v62.0/sobjects/Account/</status>
</kw>
<kw name="Should Be Equal As Integers" owner="BuiltIn">
<arg>${resp.status_code}</arg>
<arg>400</arg>
<doc>Fails if objects are unequal after converting them to integers.</doc>
<status status="NOT RUN" start="2025-07-08T12:59:31.977280" elapsed="0.000045"/>
</kw>
<kw name="Set Variable" owner="BuiltIn">
<var>${account_id}</var>
<arg>${resp.json()['id']}</arg>
<doc>Returns the given values which can then be assigned to a variables.</doc>
<status status="NOT RUN" start="2025-07-08T12:59:31.977541" elapsed="0.000026"/>
</kw>
<kw name="Set Suite Variable" owner="BuiltIn">
<arg>${account_id}</arg>
<doc>Makes a variable available everywhere within the scope of the current suite.</doc>
<status status="NOT RUN" start="2025-07-08T12:59:31.977854" elapsed="0.000025"/>
</kw>
<kw name="Log To Console" owner="BuiltIn">
<arg>${resp}</arg>
<doc>Logs the given message to the console.</doc>
<status status="NOT RUN" start="2025-07-08T12:59:31.978072" elapsed="0.000019"/>
</kw>
<kw name="Log To Console" owner="BuiltIn">
<arg>${resp.text}</arg>
<doc>Logs the given message to the console.</doc>
<status status="NOT RUN" start="2025-07-08T12:59:31.978229" elapsed="0.000017"/>
</kw>
<tag>regression</tag>
<tag>smoke</tag>
<status status="FAIL" start="2025-07-08T12:59:31.137366" elapsed="0.841185">HTTPError: 400 Client Error: Bad Request for url: https://orgfarm-2acc2d9727-dev-ed.develop.my.salesforce.com/services/data/v62.0/sobjects/Account/</status>
</test>
<status status="FAIL" start="2025-07-08T12:59:31.012539" elapsed="0.966647"/>
</suite>
<statistics>
<total>
<stat pass="0" fail="1" skip="0">All Tests</stat>
</total>
<tag>
<stat pass="0" fail="1" skip="0">regression</stat>
<stat pass="0" fail="1" skip="0">smoke</stat>
</tag>
<suite>
<stat name="Create Account Invalid Json" id="s1" pass="0" fail="1" skip="0">Create Account Invalid Json</stat>
</suite>
</statistics>
<errors>
</errors>
</robot>
