<?xml version="1.0" encoding="UTF-8"?>
<robot generator="Robot 7.3.1 (Python 3.13.5 on darwin)" generated="2025-07-11T16:28:51.288563" rpa="false" schemaversion="5">
<suite id="s1" name="Update Account With Invalid ID" source="/Users/vivadivel/Desktop/gorest-api-framework/tests/Sandbox_Account/Update/Update_Account_With_Invalid_ID.robot">
<kw name="Setup Session And Load Data" type="SETUP">
<kw name="Create Session" owner="RequestsLibrary">
<msg time="2025-07-11T16:28:51.365501" level="INFO">Creating Session using : alias=mysession, url=https://orgfarm-2acc2d9727-dev-ed.develop.my.salesforce.com, headers={},                     cookies={}, auth=None, timeout=None, proxies=None, verify=False,                     debug=0 </msg>
<arg>mysession</arg>
<arg>${INSTANCE_URL}</arg>
<doc>Create Session: create a HTTP session to a server</doc>
<status status="PASS" start="2025-07-11T16:28:51.365351" elapsed="0.000892"/>
</kw>
<kw name="Load Access Token And Account Data" owner="keyword">
<kw name="Load Access Token" owner="keyword">
<kw name="Get File" owner="OperatingSystem">
<msg time="2025-07-11T16:28:51.366935" level="INFO" html="true">Getting file '&lt;a href="file:///Users/vivadivel/Desktop/gorest-api-framework/data/token.txt"&gt;/Users/vivadivel/Desktop/gorest-api-framework/data/token.txt&lt;/a&gt;'.</msg>
<msg time="2025-07-11T16:28:51.367562" level="INFO">${token} = 00DgL000006I3IZ!AQEAQE2QKXIpG1XhSwVLACDUhm4k2WunevobdMIy6AO7FwrNZ7yd511ZVWZl4b_Y_0eQLpGSgy0RtVes8_c0QPceXxbY.ygh</msg>
<var>${token}</var>
<arg>${TOKEN_FILE}</arg>
<doc>Returns the contents of a specified file.</doc>
<status status="PASS" start="2025-07-11T16:28:51.366831" elapsed="0.000783"/>
</kw>
<kw name="Set Suite Variable" owner="BuiltIn">
<msg time="2025-07-11T16:28:51.368096" level="INFO">${ACCESS_TOKEN} = 00DgL000006I3IZ!AQEAQE2QKXIpG1XhSwVLACDUhm4k2WunevobdMIy6AO7FwrNZ7yd511ZVWZl4b_Y_0eQLpGSgy0RtVes8_c0QPceXxbY.ygh</msg>
<arg>${ACCESS_TOKEN}</arg>
<arg>${token}</arg>
<doc>Makes a variable available everywhere within the scope of the current suite.</doc>
<status status="PASS" start="2025-07-11T16:28:51.367699" elapsed="0.000470"/>
</kw>
<doc>Loads the access token from file</doc>
<status status="PASS" start="2025-07-11T16:28:51.366699" elapsed="0.001671"/>
</kw>
<kw name="Load Account Data" owner="keyword">
<kw name="Get File" owner="OperatingSystem">
<msg time="2025-07-11T16:28:51.369003" level="INFO" html="true">Getting file '&lt;a href="file:///Users/vivadivel/Desktop/gorest-api-framework/data/account_data.json"&gt;/Users/vivadivel/Desktop/gorest-api-framework/data/account_data.json&lt;/a&gt;'.</msg>
<msg time="2025-07-11T16:28:51.369244" level="INFO">${json} = {
  "Name": "mmm Corporation",
  "AccountNumber": "321324334",
  "Type": "Customer - Direct",
  "NumberOfEmployees": "310",
  "Rating": "Hot",
  "Site": "US Site",
  "YearStarted": "2000",
  "Phone": ...</msg>
<var>${json}</var>
<arg>${ACCOUNT_DATA_FILE}</arg>
<doc>Returns the contents of a specified file.</doc>
<status status="PASS" start="2025-07-11T16:28:51.368869" elapsed="0.000415"/>
</kw>
<kw name="Evaluate" owner="BuiltIn">
<msg time="2025-07-11T16:28:51.369587" level="INFO">${account_data} = {'Name': 'mmm Corporation', 'AccountNumber': '321324334', 'Type': 'Customer - Direct', 'NumberOfEmployees': '310', 'Rating': 'Hot', 'Site': 'US Site', 'YearStarted': '2000', 'Phone': '555-1234', 'Fax'...</msg>
<var>${account_data}</var>
<arg>json.loads('''${json}''')</arg>
<arg>json</arg>
<doc>Evaluates the given expression in Python and returns the result.</doc>
<status status="PASS" start="2025-07-11T16:28:51.369357" elapsed="0.000283"/>
</kw>
<kw name="Set Suite Variable" owner="BuiltIn">
<msg time="2025-07-11T16:28:51.370037" level="INFO">${ACCOUNT_DATA} = {'Name': 'mmm Corporation', 'AccountNumber': '321324334', 'Type': 'Customer - Direct', 'NumberOfEmployees': '310', 'Rating': 'Hot', 'Site': 'US Site', 'YearStarted': '2000', 'Phone': '555-1234', 'Fax'...</msg>
<arg>${ACCOUNT_DATA}</arg>
<arg>${account_data}</arg>
<doc>Makes a variable available everywhere within the scope of the current suite.</doc>
<status status="PASS" start="2025-07-11T16:28:51.369912" elapsed="0.000178"/>
</kw>
<doc>Loads the account data from JSON file</doc>
<status status="PASS" start="2025-07-11T16:28:51.368654" elapsed="0.001485"/>
</kw>
<doc>Loads both access token and account data</doc>
<status status="PASS" start="2025-07-11T16:28:51.366509" elapsed="0.003667"/>
</kw>
<status status="PASS" start="2025-07-11T16:28:51.365014" elapsed="0.005195"/>
</kw>
<test id="s1-t1" name="Update Account With Invalid Id" line="15">
<kw name="Create Dictionary" owner="BuiltIn">
<msg time="2025-07-11T16:28:51.370757" level="INFO">${headers} = {'Authorization': 'Bearer 00DgL000006I3IZ!AQEAQE2QKXIpG1XhSwVLACDUhm4k2WunevobdMIy6AO7FwrNZ7yd511ZVWZl4b_Y_0eQLpGSgy0RtVes8_c0QPceXxbY.ygh', 'Content-Type': 'application/json'}</msg>
<var>${headers}</var>
<arg>Authorization=Bearer ${ACCESS_TOKEN}</arg>
<arg>Content-Type=application/json</arg>
<doc>Creates and returns a dictionary based on the given ``items``.</doc>
<status status="PASS" start="2025-07-11T16:28:51.370546" elapsed="0.000252"/>
</kw>
<kw name="Create Dictionary" owner="BuiltIn">
<msg time="2025-07-11T16:28:51.371057" level="INFO">&amp;{update_data} = { Phone=000-0000 }</msg>
<var>&amp;{update_data}</var>
<arg>Phone=000-0000</arg>
<doc>Creates and returns a dictionary based on the given ``items``.</doc>
<status status="PASS" start="2025-07-11T16:28:51.370920" elapsed="0.000187"/>
</kw>
<kw name="PATCH On Session" owner="RequestsLibrary">
<msg time="2025-07-11T16:28:51.757606" level="INFO">PATCH Request : url=https://orgfarm-2acc2d9727-dev-ed.develop.my.salesforce.com/services/data/v62.0/sobjects/Account/001gL00000DDXbkQAH 
 path_url=/services/data/v62.0/sobjects/Account/001gL00000DDXbkQAH 
 headers={'User-Agent': 'python-requests/2.32.4', 'Accept-Encoding': 'gzip, deflate', 'Accept': '*/*', 'Connection': 'keep-alive', 'Authorization': 'Bearer 00DgL000006I3IZ!AQEAQE2QKXIpG1XhSwVLACDUhm4k2WunevobdMIy6AO7FwrNZ7yd511ZVWZl4b_Y_0eQLpGSgy0RtVes8_c0QPceXxbY.ygh', 'Content-Type': 'application/json', 'Content-Length': '21'} 
 body=b'{"Phone": "000-0000"}' 
 </msg>
<msg time="2025-07-11T16:28:51.757830" level="INFO">PATCH Response : url=https://orgfarm-2acc2d9727-dev-ed.develop.my.salesforce.com/services/data/v62.0/sobjects/Account/001gL00000DDXbkQAH 
 status=404, reason=Not Found 
 headers={'Date': 'Fri, 11 Jul 2025 10:58:51 GMT', 'Content-Type': 'application/json;charset=UTF-8', 'Transfer-Encoding': 'chunked', 'Connection': 'keep-alive', 'Set-Cookie': 'CookieConsentPolicy=0:1; path=/; expires=Sat, 11-Jul-2026 10:58:51 GMT; Max-Age=31536000; secure, LSKey-c$CookieConsentPolicy=0:1; path=/; expires=Sat, 11-Jul-2026 10:58:51 GMT; Max-Age=31536000; secure, BrowserId=B5ZWp15GEfCms-_ZAx5DuQ; domain=.salesforce.com; path=/; expires=Sat, 11-Jul-2026 10:58:51 GMT; Max-Age=31536000; secure; SameSite=None', 'X-Content-Type-Options': 'nosniff', 'Strict-Transport-Security': 'max-age=63072000; includeSubDomains', 'X-Robots-Tag': 'none', 'Cache-Control': 'no-cache,must-revalidate,max-age=0,no-store,private', 'Sforce-Limit-Info': 'api-usage=120/15000', 'Server': 'sfdcedge', 'X-SFDC-Request-Id': '0894b046e324ac877346f9562cb45fc3', 'X-Request-Id': '0894b046e324ac877346f9562cb45fc3'} 
 body=[{"message":"entity is deleted","errorCode":"ENTITY_IS_DELETED","fields":[]}] 
 </msg>
<msg time="2025-07-11T16:28:51.757942" level="INFO">/Library/Frameworks/Python.framework/Versions/3.13/lib/python3.13/site-packages/urllib3/connectionpool.py:1097: InsecureRequestWarning: Unverified HTTPS request is being made to host 'orgfarm-2acc2d9727-dev-ed.develop.my.salesforce.com'. Adding certificate verification is strongly advised. See: https://urllib3.readthedocs.io/en/latest/advanced-usage.html#tls-warnings
  warnings.warn(</msg>
<msg time="2025-07-11T16:28:51.758168" level="INFO">${resp} = &lt;Response [404]&gt;</msg>
<var>${resp}</var>
<arg>mysession</arg>
<arg>${INSTANCE_URL}/services/data/${API_VERSION}/sobjects/Account/${account_id}</arg>
<arg>headers=${headers}</arg>
<arg>json=${update_data}</arg>
<arg>expected_status=404</arg>
<doc>Sends a PATCH request on a previously created HTTP Session.</doc>
<status status="PASS" start="2025-07-11T16:28:51.371219" elapsed="0.387010"/>
</kw>
<kw name="Should Be Equal As Integers" owner="BuiltIn">
<msg time="2025-07-11T16:28:51.758972" level="INFO">Argument types are:
&lt;class 'int'&gt;
&lt;class 'str'&gt;</msg>
<arg>${resp.status_code}</arg>
<arg>404</arg>
<doc>Fails if objects are unequal after converting them to integers.</doc>
<status status="PASS" start="2025-07-11T16:28:51.758519" elapsed="0.000545"/>
</kw>
<kw name="Should Contain" owner="BuiltIn">
<arg>${resp.text}</arg>
<arg>ENTITY_IS_DELETED</arg>
<doc>Fails if ``container`` does not contain ``item`` one or more times.</doc>
<status status="PASS" start="2025-07-11T16:28:51.759230" elapsed="0.000364"/>
</kw>
<kw name="Log To Console" owner="BuiltIn">
<arg>${resp}</arg>
<doc>Logs the given message to the console.</doc>
<status status="PASS" start="2025-07-11T16:28:51.759973" elapsed="0.000271"/>
</kw>
<kw name="Log To Console" owner="BuiltIn">
<arg>${resp.text}</arg>
<doc>Logs the given message to the console.</doc>
<status status="PASS" start="2025-07-11T16:28:51.760438" elapsed="0.000435"/>
</kw>
<tag>regression</tag>
<status status="PASS" start="2025-07-11T16:28:51.370251" elapsed="0.390818"/>
</test>
<status status="PASS" start="2025-07-11T16:28:51.290192" elapsed="0.471398"/>
</suite>
<statistics>
<total>
<stat pass="1" fail="0" skip="0">All Tests</stat>
</total>
<tag>
<stat pass="1" fail="0" skip="0">regression</stat>
</tag>
<suite>
<stat name="Update Account With Invalid ID" id="s1" pass="1" fail="0" skip="0">Update Account With Invalid ID</stat>
</suite>
</statistics>
<errors>
</errors>
</robot>
