<?xml version="1.0" encoding="UTF-8"?>
<robot generator="Robot 7.3.1 (Python 3.13.5 on darwin)" generated="2025-07-09T13:36:50.595485" rpa="false" schemaversion="5">
<suite id="s1" name="Sandbox Account" source="/Users/vivadivel/Desktop/gorest-api-framework/tests/Sandbox_Account">
<suite id="s1-s1" name="Create" source="/Users/vivadivel/Desktop/gorest-api-framework/tests/Sandbox_Account/Create">
<suite id="s1-s1-s1" name="Create Account" source="/Users/vivadivel/Desktop/gorest-api-framework/tests/Sandbox_Account/Create/Create_Account.robot">
<kw name="Load Access Token And Account Data" owner="keyword" type="SETUP">
<kw name="Load Access Token" owner="keyword">
<kw name="Get File" owner="OperatingSystem">
<msg time="2025-07-09T13:36:50.733002" level="INFO" html="true">Getting file '&lt;a href="file:///Users/vivadivel/Desktop/gorest-api-framework/data/token.txt"&gt;/Users/vivadivel/Desktop/gorest-api-framework/data/token.txt&lt;/a&gt;'.</msg>
<msg time="2025-07-09T13:36:50.733511" level="INFO">${token} = 00DgL000006I3IZ!AQEAQFMcQ8RA0rP2q4NzP_747aSJtC9xU5nRF52P_tw_dPEVAw0hUUSfBkniTmypFPFQRIMjrvHq6AD6ydaN4BiYyqDqHwpH</msg>
<var>${token}</var>
<arg>${TOKEN_FILE}</arg>
<doc>Returns the contents of a specified file.</doc>
<status status="PASS" start="2025-07-09T13:36:50.732928" elapsed="0.000596"/>
</kw>
<kw name="Set Suite Variable" owner="BuiltIn">
<msg time="2025-07-09T13:36:50.733884" level="INFO">${ACCESS_TOKEN} = 00DgL000006I3IZ!AQEAQFMcQ8RA0rP2q4NzP_747aSJtC9xU5nRF52P_tw_dPEVAw0hUUSfBkniTmypFPFQRIMjrvHq6AD6ydaN4BiYyqDqHwpH</msg>
<arg>${ACCESS_TOKEN}</arg>
<arg>${token}</arg>
<doc>Makes a variable available everywhere within the scope of the current suite.</doc>
<status status="PASS" start="2025-07-09T13:36:50.733582" elapsed="0.000320"/>
</kw>
<doc>Loads the access token from file</doc>
<status status="PASS" start="2025-07-09T13:36:50.732711" elapsed="0.001218"/>
</kw>
<kw name="Load Account Data" owner="keyword">
<kw name="Get File" owner="OperatingSystem">
<msg time="2025-07-09T13:36:50.734080" level="INFO" html="true">Getting file '&lt;a href="file:///Users/vivadivel/Desktop/gorest-api-framework/data/account_data.json"&gt;/Users/vivadivel/Desktop/gorest-api-framework/data/account_data.json&lt;/a&gt;'.</msg>
<msg time="2025-07-09T13:36:50.734498" level="INFO">${json} = {
  "Name": "Pears Corporation"
}
</msg>
<var>${json}</var>
<arg>${ACCOUNT_DATA_FILE}</arg>
<doc>Returns the contents of a specified file.</doc>
<status status="PASS" start="2025-07-09T13:36:50.734032" elapsed="0.000474"/>
</kw>
<kw name="Evaluate" owner="BuiltIn">
<msg time="2025-07-09T13:36:50.734648" level="INFO">${account_data} = {'Name': 'Pears Corporation'}</msg>
<var>${account_data}</var>
<arg>json.loads('''${json}''')</arg>
<arg>json</arg>
<doc>Evaluates the given expression in Python and returns the result.</doc>
<status status="PASS" start="2025-07-09T13:36:50.734543" elapsed="0.000113"/>
</kw>
<kw name="Set Suite Variable" owner="BuiltIn">
<msg time="2025-07-09T13:36:50.734757" level="INFO">${ACCOUNT_DATA} = {'Name': 'Pears Corporation'}</msg>
<arg>${ACCOUNT_DATA}</arg>
<arg>${account_data}</arg>
<doc>Makes a variable available everywhere within the scope of the current suite.</doc>
<status status="PASS" start="2025-07-09T13:36:50.734694" elapsed="0.000076"/>
</kw>
<doc>Loads the account data from JSON file</doc>
<status status="PASS" start="2025-07-09T13:36:50.733976" elapsed="0.000813"/>
</kw>
<doc>Loads both access token and account data</doc>
<status status="PASS" start="2025-07-09T13:36:50.732598" elapsed="0.002205"/>
</kw>
<test id="s1-s1-s1-t1" name="Create New Account" line="9">
<kw name="Create Account With Valid Data" owner="keyword">
<kw name="Create Dictionary" owner="BuiltIn">
<msg time="2025-07-09T13:36:50.735160" level="INFO">${headers} = {'Authorization': 'Bearer 00DgL000006I3IZ!AQEAQFMcQ8RA0rP2q4NzP_747aSJtC9xU5nRF52P_tw_dPEVAw0hUUSfBkniTmypFPFQRIMjrvHq6AD6ydaN4BiYyqDqHwpH', 'Content-Type': 'application/json'}</msg>
<var>${headers}</var>
<arg>Authorization=Bearer ${ACCESS_TOKEN}</arg>
<arg>Content-Type=application/json</arg>
<doc>Creates and returns a dictionary based on the given ``items``.</doc>
<status status="PASS" start="2025-07-09T13:36:50.735055" elapsed="0.000115"/>
</kw>
<kw name="Generate Random String" owner="keyword">
<kw name="Set Variable" owner="BuiltIn">
<msg time="2025-07-09T13:36:50.735335" level="INFO">${CHARS} = abcdefghijklmnopqrstuvwxyz0123456789</msg>
<var>${CHARS}</var>
<arg>abcdefghijklmnopqrstuvwxyz0123456789</arg>
<doc>Returns the given values which can then be assigned to a variables.</doc>
<status status="PASS" start="2025-07-09T13:36:50.735297" elapsed="0.000046"/>
</kw>
<kw name="Evaluate" owner="BuiltIn">
<msg time="2025-07-09T13:36:50.735489" level="INFO">${result} = 53kjq</msg>
<var>${result}</var>
<arg>''.join(random.choices('${CHARS}', k=${length}))</arg>
<arg>random</arg>
<doc>Evaluates the given expression in Python and returns the result.</doc>
<status status="PASS" start="2025-07-09T13:36:50.735374" elapsed="0.000124"/>
</kw>
<return>
<value>${result}</value>
<status status="PASS" start="2025-07-09T13:36:50.735516" elapsed="0.000019"/>
</return>
<msg time="2025-07-09T13:36:50.735574" level="INFO">${random} = 53kjq</msg>
<var>${random}</var>
<arg>5</arg>
<status status="PASS" start="2025-07-09T13:36:50.735222" elapsed="0.000359"/>
</kw>
<kw name="Create Dictionary" owner="BuiltIn">
<msg time="2025-07-09T13:36:50.735683" level="INFO">${data} = {'name': '53kjq Corporation'}</msg>
<var>${data}</var>
<arg>name=${random} Corporation</arg>
<doc>Creates and returns a dictionary based on the given ``items``.</doc>
<status status="PASS" start="2025-07-09T13:36:50.735615" elapsed="0.000076"/>
</kw>
<kw name="POST" owner="RequestsLibrary">
<msg time="2025-07-09T13:36:51.398144" level="INFO">POST Request : url=https://orgfarm-2acc2d9727-dev-ed.develop.my.salesforce.com/services/data/v62.0/sobjects/Account/ 
 path_url=/services/data/v62.0/sobjects/Account/ 
 headers={'User-Agent': 'python-requests/2.32.4', 'Accept-Encoding': 'gzip, deflate', 'Accept': '*/*', 'Connection': 'keep-alive', 'Authorization': 'Bearer 00DgL000006I3IZ!AQEAQFMcQ8RA0rP2q4NzP_747aSJtC9xU5nRF52P_tw_dPEVAw0hUUSfBkniTmypFPFQRIMjrvHq6AD6ydaN4BiYyqDqHwpH', 'Content-Type': 'application/json', 'Content-Length': '29'} 
 body=b'{"name": "53kjq Corporation"}' 
 </msg>
<msg time="2025-07-09T13:36:51.398207" level="INFO">POST Response : url=https://orgfarm-2acc2d9727-dev-ed.develop.my.salesforce.com/services/data/v62.0/sobjects/Account/ 
 status=201, reason=Created 
 headers={'Date': 'Wed, 09 Jul 2025 08:06:51 GMT', 'Content-Type': 'application/json;charset=UTF-8', 'Transfer-Encoding': 'chunked', 'Connection': 'keep-alive', 'X-Content-Type-Options': 'nosniff', 'Content-Encoding': 'gzip', 'Strict-Transport-Security': 'max-age=63072000; includeSubDomains', 'Vary': 'Accept-Encoding', 'Location': '/services/data/v62.0/sobjects/Account/001gL00000DPLmYQAX', 'Set-Cookie': 'CookieConsentPolicy=0:1; path=/; expires=Thu, 09-Jul-2026 08:06:51 GMT; Max-Age=31536000; secure, LSKey-c$CookieConsentPolicy=0:1; path=/; expires=Thu, 09-Jul-2026 08:06:51 GMT; Max-Age=31536000; secure, BrowserId=qzqCcFybEfCIWAsgDWEyfg; domain=.salesforce.com; path=/; expires=Thu, 09-Jul-2026 08:06:51 GMT; Max-Age=31536000; secure; SameSite=None', 'Sforce-Limit-Info': 'api-usage=35/15000', 'X-Robots-Tag': 'none', 'Cache-Control': 'no-cache,must-revalidate,max-age=0,no-store,private', 'Server': 'sfdcedge', 'X-SFDC-Request-Id': '566657889585cd163fc31cbfdf4fa43a', 'X-Request-Id': '566657889585cd163fc31cbfdf4fa43a'} 
 body={"id":"001gL00000DPLmYQAX","success":true,"errors":[]} 
 </msg>
<msg time="2025-07-09T13:36:51.398273" level="INFO">${resp} = &lt;Response [201]&gt;</msg>
<var>${resp}</var>
<arg>${INSTANCE_URL}/services/data/${API_VERSION}/sobjects/Account/</arg>
<arg>headers=${headers}</arg>
<arg>json=${data}</arg>
<doc>Sends a POST request.</doc>
<status status="PASS" start="2025-07-09T13:36:50.735722" elapsed="0.662561"/>
</kw>
<kw name="Should Be Equal As Integers" owner="BuiltIn">
<msg time="2025-07-09T13:36:51.398615" level="INFO">Argument types are:
&lt;class 'int'&gt;
&lt;class 'str'&gt;</msg>
<arg>${resp.status_code}</arg>
<arg>201</arg>
<doc>Fails if objects are unequal after converting them to integers.</doc>
<status status="PASS" start="2025-07-09T13:36:51.398365" elapsed="0.000324"/>
</kw>
<kw name="Set Variable" owner="BuiltIn">
<msg time="2025-07-09T13:36:51.398928" level="INFO">${account_id} = 001gL00000DPLmYQAX</msg>
<var>${account_id}</var>
<arg>${resp.json()['id']}</arg>
<doc>Returns the given values which can then be assigned to a variables.</doc>
<status status="PASS" start="2025-07-09T13:36:51.398735" elapsed="0.000203"/>
</kw>
<kw name="Set Suite Variable" owner="BuiltIn">
<msg time="2025-07-09T13:36:51.399048" level="INFO">${account_id} = 001gL00000DPLmYQAX</msg>
<arg>${account_id}</arg>
<doc>Makes a variable available everywhere within the scope of the current suite.</doc>
<status status="PASS" start="2025-07-09T13:36:51.398984" elapsed="0.000078"/>
</kw>
<return>
<value>${account_id}</value>
<status status="PASS" start="2025-07-09T13:36:51.399080" elapsed="0.000022"/>
</return>
<kw name="Log To Console" owner="BuiltIn">
<arg>${resp}</arg>
<doc>Logs the given message to the console.</doc>
<status status="NOT RUN" start="2025-07-09T13:36:51.399139" elapsed="0.000007"/>
</kw>
<kw name="Log To Console" owner="BuiltIn">
<arg>${resp.text}</arg>
<doc>Logs the given message to the console.</doc>
<status status="NOT RUN" start="2025-07-09T13:36:51.399176" elapsed="0.000006"/>
</kw>
<msg time="2025-07-09T13:36:51.399229" level="INFO">${user_id} = 001gL00000DPLmYQAX</msg>
<var>${user_id}</var>
<status status="PASS" start="2025-07-09T13:36:50.734982" elapsed="0.664255"/>
</kw>
<kw name="Log To Console" owner="BuiltIn">
<arg>Created Account with ID: ${user_id}</arg>
<doc>Logs the given message to the console.</doc>
<status status="PASS" start="2025-07-09T13:36:51.399297" elapsed="0.000061"/>
</kw>
<tag>regression</tag>
<tag>smoke</tag>
<status status="PASS" start="2025-07-09T13:36:50.734825" elapsed="0.664593"/>
</test>
<status status="PASS" start="2025-07-09T13:36:50.609660" elapsed="0.789935"/>
</suite>
<suite id="s1-s1-s2" name="Create Account Invalid Json" source="/Users/vivadivel/Desktop/gorest-api-framework/tests/Sandbox_Account/Create/Create_Account_Invalid_Json.robot">
<kw name="Load Access Token And Account Data" owner="keyword" type="SETUP">
<kw name="Load Access Token" owner="keyword">
<kw name="Get File" owner="OperatingSystem">
<msg time="2025-07-09T13:36:51.401132" level="INFO" html="true">Getting file '&lt;a href="file:///Users/vivadivel/Desktop/gorest-api-framework/data/token.txt"&gt;/Users/vivadivel/Desktop/gorest-api-framework/data/token.txt&lt;/a&gt;'.</msg>
<msg time="2025-07-09T13:36:51.401234" level="INFO">${token} = 00DgL000006I3IZ!AQEAQFMcQ8RA0rP2q4NzP_747aSJtC9xU5nRF52P_tw_dPEVAw0hUUSfBkniTmypFPFQRIMjrvHq6AD6ydaN4BiYyqDqHwpH</msg>
<var>${token}</var>
<arg>${TOKEN_FILE}</arg>
<doc>Returns the contents of a specified file.</doc>
<status status="PASS" start="2025-07-09T13:36:51.401085" elapsed="0.000158"/>
</kw>
<kw name="Set Suite Variable" owner="BuiltIn">
<msg time="2025-07-09T13:36:51.401532" level="INFO">${ACCESS_TOKEN} = 00DgL000006I3IZ!AQEAQFMcQ8RA0rP2q4NzP_747aSJtC9xU5nRF52P_tw_dPEVAw0hUUSfBkniTmypFPFQRIMjrvHq6AD6ydaN4BiYyqDqHwpH</msg>
<arg>${ACCESS_TOKEN}</arg>
<arg>${token}</arg>
<doc>Makes a variable available everywhere within the scope of the current suite.</doc>
<status status="PASS" start="2025-07-09T13:36:51.401282" elapsed="0.000266"/>
</kw>
<doc>Loads the access token from file</doc>
<status status="PASS" start="2025-07-09T13:36:51.401031" elapsed="0.000536"/>
</kw>
<kw name="Load Account Data" owner="keyword">
<kw name="Get File" owner="OperatingSystem">
<msg time="2025-07-09T13:36:51.401700" level="INFO" html="true">Getting file '&lt;a href="file:///Users/vivadivel/Desktop/gorest-api-framework/data/account_data.json"&gt;/Users/vivadivel/Desktop/gorest-api-framework/data/account_data.json&lt;/a&gt;'.</msg>
<msg time="2025-07-09T13:36:51.401766" level="INFO">${json} = {
  "Name": "Pears Corporation"
}
</msg>
<var>${json}</var>
<arg>${ACCOUNT_DATA_FILE}</arg>
<doc>Returns the contents of a specified file.</doc>
<status status="PASS" start="2025-07-09T13:36:51.401658" elapsed="0.000116"/>
</kw>
<kw name="Evaluate" owner="BuiltIn">
<msg time="2025-07-09T13:36:51.401904" level="INFO">${account_data} = {'Name': 'Pears Corporation'}</msg>
<var>${account_data}</var>
<arg>json.loads('''${json}''')</arg>
<arg>json</arg>
<doc>Evaluates the given expression in Python and returns the result.</doc>
<status status="PASS" start="2025-07-09T13:36:51.401810" elapsed="0.000101"/>
</kw>
<kw name="Set Suite Variable" owner="BuiltIn">
<msg time="2025-07-09T13:36:51.402005" level="INFO">${ACCOUNT_DATA} = {'Name': 'Pears Corporation'}</msg>
<arg>${ACCOUNT_DATA}</arg>
<arg>${account_data}</arg>
<doc>Makes a variable available everywhere within the scope of the current suite.</doc>
<status status="PASS" start="2025-07-09T13:36:51.401947" elapsed="0.000070"/>
</kw>
<doc>Loads the account data from JSON file</doc>
<status status="PASS" start="2025-07-09T13:36:51.401609" elapsed="0.000426"/>
</kw>
<doc>Loads both access token and account data</doc>
<status status="PASS" start="2025-07-09T13:36:51.400958" elapsed="0.001089"/>
</kw>
<test id="s1-s1-s2-t1" name="Create Account With Invalid JSON" line="9">
<kw name="Create Dictionary" owner="BuiltIn">
<msg time="2025-07-09T13:36:51.402277" level="INFO">${headers} = {'Authorization': 'Bearer 00DgL000006I3IZ!AQEAQFMcQ8RA0rP2q4NzP_747aSJtC9xU5nRF52P_tw_dPEVAw0hUUSfBkniTmypFPFQRIMjrvHq6AD6ydaN4BiYyqDqHwpH', 'Content-Type': 'application/json'}</msg>
<var>${headers}</var>
<arg>Authorization=Bearer ${ACCESS_TOKEN}</arg>
<arg>Content-Type=application/json</arg>
<doc>Creates and returns a dictionary based on the given ``items``.</doc>
<status status="PASS" start="2025-07-09T13:36:51.402191" elapsed="0.000095"/>
</kw>
<kw name="POST" owner="RequestsLibrary">
<msg time="2025-07-09T13:36:51.786713" level="INFO">POST Request : url=https://orgfarm-2acc2d9727-dev-ed.develop.my.salesforce.com/services/data/v62.0/sobjects/Account/ 
 path_url=/services/data/v62.0/sobjects/Account/ 
 headers={'User-Agent': 'python-requests/2.32.4', 'Accept-Encoding': 'gzip, deflate', 'Accept': '*/*', 'Connection': 'keep-alive', 'Authorization': 'Bearer 00DgL000006I3IZ!AQEAQFMcQ8RA0rP2q4NzP_747aSJtC9xU5nRF52P_tw_dPEVAw0hUUSfBkniTmypFPFQRIMjrvHq6AD6ydaN4BiYyqDqHwpH', 'Content-Type': 'application/json', 'Content-Length': '85'} 
 body=b'"/Users/vivadivel/Desktop/gorest-api-framework/resources/../data/malformed_data.json"' 
 </msg>
<msg time="2025-07-09T13:36:51.786938" level="INFO">POST Response : url=https://orgfarm-2acc2d9727-dev-ed.develop.my.salesforce.com/services/data/v62.0/sobjects/Account/ 
 status=400, reason=Bad Request 
 headers={'Date': 'Wed, 09 Jul 2025 08:06:51 GMT', 'Content-Type': 'application/json;charset=UTF-8', 'Transfer-Encoding': 'chunked', 'Connection': 'keep-alive', 'X-Content-Type-Options': 'nosniff', 'Cache-Control': 'no-cache,must-revalidate,max-age=0,no-store,private', 'Strict-Transport-Security': 'max-age=63072000; includeSubDomains', 'Set-Cookie': 'CookieConsentPolicy=0:1; path=/; expires=Thu, 09-Jul-2026 08:06:51 GMT; Max-Age=31536000; secure, LSKey-c$CookieConsentPolicy=0:1; path=/; expires=Thu, 09-Jul-2026 08:06:51 GMT; Max-Age=31536000; secure, BrowserId=q5m5SFybEfCm5j398XKfIw; domain=.salesforce.com; path=/; expires=Thu, 09-Jul-2026 08:06:51 GMT; Max-Age=31536000; secure; SameSite=None', 'Sforce-Limit-Info': 'api-usage=36/15000', 'X-Robots-Tag': 'none', 'Server': 'sfdcedge', 'X-SFDC-Request-Id': '868b75772f305cac58ce93b219c37cbe', 'X-Request-Id': '868b75772f305cac58ce93b219c37cbe'} 
 body=[{"message":"Json Deserialization failed on token 'null' and has left off in the middle of parsing a row. Will go to end of row to begin parsing the next row","errorCode":"INVALID_FIELD"}] 
 </msg>
<msg time="2025-07-09T13:36:51.787294" level="FAIL">HTTPError: 400 Client Error: Bad Request for url: https://orgfarm-2acc2d9727-dev-ed.develop.my.salesforce.com/services/data/v62.0/sobjects/Account/</msg>
<var>${resp}</var>
<arg>${INSTANCE_URL}/services/data/${API_VERSION}/sobjects/Account/</arg>
<arg>headers=${headers}</arg>
<arg>json=${MALFORMED_JSON}</arg>
<doc>Sends a POST request.</doc>
<status status="FAIL" start="2025-07-09T13:36:51.402334" elapsed="0.391851">HTTPError: 400 Client Error: Bad Request for url: https://orgfarm-2acc2d9727-dev-ed.develop.my.salesforce.com/services/data/v62.0/sobjects/Account/</status>
</kw>
<kw name="Should Be Equal As Integers" owner="BuiltIn">
<arg>${resp.status_code}</arg>
<arg>400</arg>
<doc>Fails if objects are unequal after converting them to integers.</doc>
<status status="NOT RUN" start="2025-07-09T13:36:51.794741" elapsed="0.000045"/>
</kw>
<kw name="Set Variable" owner="BuiltIn">
<var>${account_id}</var>
<arg>${resp.json()['id']}</arg>
<doc>Returns the given values which can then be assigned to a variables.</doc>
<status status="NOT RUN" start="2025-07-09T13:36:51.795079" elapsed="0.000037"/>
</kw>
<kw name="Set Suite Variable" owner="BuiltIn">
<arg>${account_id}</arg>
<doc>Makes a variable available everywhere within the scope of the current suite.</doc>
<status status="NOT RUN" start="2025-07-09T13:36:51.795458" elapsed="0.000080"/>
</kw>
<kw name="Log To Console" owner="BuiltIn">
<arg>${resp}</arg>
<doc>Logs the given message to the console.</doc>
<status status="NOT RUN" start="2025-07-09T13:36:51.795732" elapsed="0.000019"/>
</kw>
<kw name="Log To Console" owner="BuiltIn">
<arg>${resp.text}</arg>
<doc>Logs the given message to the console.</doc>
<status status="NOT RUN" start="2025-07-09T13:36:51.795884" elapsed="0.000017"/>
</kw>
<tag>regression</tag>
<status status="FAIL" start="2025-07-09T13:36:51.402067" elapsed="0.394140">HTTPError: 400 Client Error: Bad Request for url: https://orgfarm-2acc2d9727-dev-ed.develop.my.salesforce.com/services/data/v62.0/sobjects/Account/</status>
</test>
<status status="FAIL" start="2025-07-09T13:36:51.399776" elapsed="0.396901"/>
</suite>
<suite id="s1-s1-s3" name="Create Account With Invalid Fields" source="/Users/vivadivel/Desktop/gorest-api-framework/tests/Sandbox_Account/Create/Create_Account_With_Invalid_Fields.robot">
<kw name="Setup Session And Load Data" type="SETUP">
<kw name="Create Session" owner="RequestsLibrary">
<msg time="2025-07-09T13:36:51.801365" level="INFO">Creating Session using : alias=mysession, url=https://orgfarm-2acc2d9727-dev-ed.develop.my.salesforce.com, headers={},                     cookies={}, auth=None, timeout=None, proxies=None, verify=False,                     debug=0 </msg>
<arg>mysession</arg>
<arg>${INSTANCE_URL}</arg>
<doc>Create Session: create a HTTP session to a server</doc>
<status status="PASS" start="2025-07-09T13:36:51.801214" elapsed="0.000349"/>
</kw>
<kw name="Load Access Token And Account Data" owner="keyword">
<kw name="Load Access Token" owner="keyword">
<kw name="Get File" owner="OperatingSystem">
<msg time="2025-07-09T13:36:51.801938" level="INFO" html="true">Getting file '&lt;a href="file:///Users/vivadivel/Desktop/gorest-api-framework/data/token.txt"&gt;/Users/vivadivel/Desktop/gorest-api-framework/data/token.txt&lt;/a&gt;'.</msg>
<msg time="2025-07-09T13:36:51.802188" level="INFO">${token} = 00DgL000006I3IZ!AQEAQFMcQ8RA0rP2q4NzP_747aSJtC9xU5nRF52P_tw_dPEVAw0hUUSfBkniTmypFPFQRIMjrvHq6AD6ydaN4BiYyqDqHwpH</msg>
<var>${token}</var>
<arg>${TOKEN_FILE}</arg>
<doc>Returns the contents of a specified file.</doc>
<status status="PASS" start="2025-07-09T13:36:51.801839" elapsed="0.000359"/>
</kw>
<kw name="Set Suite Variable" owner="BuiltIn">
<msg time="2025-07-09T13:36:51.802835" level="INFO">${ACCESS_TOKEN} = 00DgL000006I3IZ!AQEAQFMcQ8RA0rP2q4NzP_747aSJtC9xU5nRF52P_tw_dPEVAw0hUUSfBkniTmypFPFQRIMjrvHq6AD6ydaN4BiYyqDqHwpH</msg>
<arg>${ACCESS_TOKEN}</arg>
<arg>${token}</arg>
<doc>Makes a variable available everywhere within the scope of the current suite.</doc>
<status status="PASS" start="2025-07-09T13:36:51.802251" elapsed="0.000601"/>
</kw>
<doc>Loads the access token from file</doc>
<status status="PASS" start="2025-07-09T13:36:51.801773" elapsed="0.001103"/>
</kw>
<kw name="Load Account Data" owner="keyword">
<kw name="Get File" owner="OperatingSystem">
<msg time="2025-07-09T13:36:51.803041" level="INFO" html="true">Getting file '&lt;a href="file:///Users/vivadivel/Desktop/gorest-api-framework/data/account_data.json"&gt;/Users/vivadivel/Desktop/gorest-api-framework/data/account_data.json&lt;/a&gt;'.</msg>
<msg time="2025-07-09T13:36:51.803138" level="INFO">${json} = {
  "Name": "Pears Corporation"
}
</msg>
<var>${json}</var>
<arg>${ACCOUNT_DATA_FILE}</arg>
<doc>Returns the contents of a specified file.</doc>
<status status="PASS" start="2025-07-09T13:36:51.802993" elapsed="0.000153"/>
</kw>
<kw name="Evaluate" owner="BuiltIn">
<msg time="2025-07-09T13:36:51.803351" level="INFO">${account_data} = {'Name': 'Pears Corporation'}</msg>
<var>${account_data}</var>
<arg>json.loads('''${json}''')</arg>
<arg>json</arg>
<doc>Evaluates the given expression in Python and returns the result.</doc>
<status status="PASS" start="2025-07-09T13:36:51.803183" elapsed="0.000177"/>
</kw>
<kw name="Set Suite Variable" owner="BuiltIn">
<msg time="2025-07-09T13:36:51.803465" level="INFO">${ACCOUNT_DATA} = {'Name': 'Pears Corporation'}</msg>
<arg>${ACCOUNT_DATA}</arg>
<arg>${account_data}</arg>
<doc>Makes a variable available everywhere within the scope of the current suite.</doc>
<status status="PASS" start="2025-07-09T13:36:51.803398" elapsed="0.000080"/>
</kw>
<doc>Loads the account data from JSON file</doc>
<status status="PASS" start="2025-07-09T13:36:51.802930" elapsed="0.000566"/>
</kw>
<doc>Loads both access token and account data</doc>
<status status="PASS" start="2025-07-09T13:36:51.801671" elapsed="0.001838"/>
</kw>
<status status="PASS" start="2025-07-09T13:36:51.801010" elapsed="0.002512"/>
</kw>
<test id="s1-s1-s3-t1" name="Create Account With Invalid Fields" line="14">
<kw name="Create Dictionary" owner="BuiltIn">
<msg time="2025-07-09T13:36:51.803807" level="INFO">${headers} = {'Authorization': 'Bearer 00DgL000006I3IZ!AQEAQFMcQ8RA0rP2q4NzP_747aSJtC9xU5nRF52P_tw_dPEVAw0hUUSfBkniTmypFPFQRIMjrvHq6AD6ydaN4BiYyqDqHwpH', 'Content-Type': 'application/json'}</msg>
<var>${headers}</var>
<arg>Authorization=Bearer ${ACCESS_TOKEN}</arg>
<arg>Content-Type=application/json</arg>
<doc>Creates and returns a dictionary based on the given ``items``.</doc>
<status status="PASS" start="2025-07-09T13:36:51.803708" elapsed="0.000108"/>
</kw>
<kw name="POST On Session" owner="RequestsLibrary">
<msg time="2025-07-09T13:36:52.190065" level="INFO">POST Request : url=https://orgfarm-2acc2d9727-dev-ed.develop.my.salesforce.com/services/data/v62.0/sobjects/Account/ 
 path_url=/services/data/v62.0/sobjects/Account/ 
 headers={'User-Agent': 'python-requests/2.32.4', 'Accept-Encoding': 'gzip, deflate', 'Accept': '*/*', 'Connection': 'keep-alive', 'Authorization': 'Bearer 00DgL000006I3IZ!AQEAQFMcQ8RA0rP2q4NzP_747aSJtC9xU5nRF52P_tw_dPEVAw0hUUSfBkniTmypFPFQRIMjrvHq6AD6ydaN4BiYyqDqHwpH', 'Content-Type': 'application/json', 'Content-Length': '91'} 
 body=b'"/Users/vivadivel/Desktop/gorest-api-framework/resources/../data/invalid_account_data.json"' 
 </msg>
<msg time="2025-07-09T13:36:52.190108" level="INFO">POST Response : url=https://orgfarm-2acc2d9727-dev-ed.develop.my.salesforce.com/services/data/v62.0/sobjects/Account/ 
 status=400, reason=Bad Request 
 headers={'Date': 'Wed, 09 Jul 2025 08:06:52 GMT', 'Content-Type': 'application/json;charset=UTF-8', 'Transfer-Encoding': 'chunked', 'Connection': 'keep-alive', 'Set-Cookie': 'CookieConsentPolicy=0:1; path=/; expires=Thu, 09-Jul-2026 08:06:52 GMT; Max-Age=31536000; secure, LSKey-c$CookieConsentPolicy=0:1; path=/; expires=Thu, 09-Jul-2026 08:06:52 GMT; Max-Age=31536000; secure, BrowserId=q9jlWlybEfC8MrEQ7YVSDg; domain=.salesforce.com; path=/; expires=Thu, 09-Jul-2026 08:06:52 GMT; Max-Age=31536000; secure; SameSite=None', 'X-Robots-Tag': 'none', 'Sforce-Limit-Info': 'api-usage=35/15000', 'X-Content-Type-Options': 'nosniff', 'Strict-Transport-Security': 'max-age=63072000; includeSubDomains', 'Cache-Control': 'no-cache,must-revalidate,max-age=0,no-store,private', 'Server': 'sfdcedge', 'X-SFDC-Request-Id': '94e3d80b66ba5bfbde0f14d084312334', 'X-Request-Id': '94e3d80b66ba5bfbde0f14d084312334'} 
 body=[{"message":"Json Deserialization failed on token 'null' and has left off in the middle of parsing a row. Will go to end of row to begin parsing the next row","errorCode":"INVALID_FIELD"}] 
 </msg>
<msg time="2025-07-09T13:36:52.190183" level="INFO">/Library/Frameworks/Python.framework/Versions/3.13/lib/python3.13/site-packages/urllib3/connectionpool.py:1097: InsecureRequestWarning: Unverified HTTPS request is being made to host 'orgfarm-2acc2d9727-dev-ed.develop.my.salesforce.com'. Adding certificate verification is strongly advised. See: https://urllib3.readthedocs.io/en/latest/advanced-usage.html#tls-warnings
  warnings.warn(</msg>
<msg time="2025-07-09T13:36:52.190258" level="INFO">${resp} = &lt;Response [400]&gt;</msg>
<var>${resp}</var>
<arg>mysession</arg>
<arg>${INSTANCE_URL}/services/data/${API_VERSION}/sobjects/Account/</arg>
<arg>headers=${headers}</arg>
<arg>json=${INVALID_DATA}</arg>
<arg>expected_status=400</arg>
<doc>Sends a POST request on a previously created HTTP Session.</doc>
<status status="PASS" start="2025-07-09T13:36:51.803872" elapsed="0.386397"/>
</kw>
<kw name="Should Be Equal As Integers" owner="BuiltIn">
<msg time="2025-07-09T13:36:52.190599" level="INFO">Argument types are:
&lt;class 'int'&gt;
&lt;class 'str'&gt;</msg>
<arg>${resp.status_code}</arg>
<arg>400</arg>
<doc>Fails if objects are unequal after converting them to integers.</doc>
<status status="PASS" start="2025-07-09T13:36:52.190364" elapsed="0.000258"/>
</kw>
<kw name="Should Contain" owner="BuiltIn">
<arg>${resp.text}</arg>
<arg>INVALID_FIELD</arg>
<doc>Fails if ``container`` does not contain ``item`` one or more times.</doc>
<status status="PASS" start="2025-07-09T13:36:52.190677" elapsed="0.000171"/>
</kw>
<kw name="Log To Console" owner="BuiltIn">
<arg>${resp}</arg>
<doc>Logs the given message to the console.</doc>
<status status="PASS" start="2025-07-09T13:36:52.190898" elapsed="0.000051"/>
</kw>
<kw name="Log To Console" owner="BuiltIn">
<arg>${resp.text}</arg>
<doc>Logs the given message to the console.</doc>
<status status="PASS" start="2025-07-09T13:36:52.190990" elapsed="0.000154"/>
</kw>
<tag>regression</tag>
<status status="PASS" start="2025-07-09T13:36:51.803548" elapsed="0.387647"/>
</test>
<status status="PASS" start="2025-07-09T13:36:51.797247" elapsed="0.394050"/>
</suite>
<status status="FAIL" start="2025-07-09T13:36:50.609322" elapsed="1.582160"/>
</suite>
<suite id="s1-s2" name="Delete" source="/Users/vivadivel/Desktop/gorest-api-framework/tests/Sandbox_Account/Delete">
<suite id="s1-s2-s1" name="Delete Account" source="/Users/vivadivel/Desktop/gorest-api-framework/tests/Sandbox_Account/Delete/Delete_Account.robot">
<kw name="Setup Session And Load Data" type="SETUP">
<kw name="Create Session" owner="RequestsLibrary">
<msg time="2025-07-09T13:36:52.193433" level="INFO">Creating Session using : alias=mysession, url=https://orgfarm-2acc2d9727-dev-ed.develop.my.salesforce.com, headers={},                     cookies={}, auth=None, timeout=None, proxies=None, verify=False,                     debug=0 </msg>
<arg>mysession</arg>
<arg>${INSTANCE_URL}</arg>
<doc>Create Session: create a HTTP session to a server</doc>
<status status="PASS" start="2025-07-09T13:36:52.193387" elapsed="0.000102"/>
</kw>
<kw name="Load Access Token And Account Data" owner="keyword">
<kw name="Load Access Token" owner="keyword">
<kw name="Get File" owner="OperatingSystem">
<msg time="2025-07-09T13:36:52.193678" level="INFO" html="true">Getting file '&lt;a href="file:///Users/vivadivel/Desktop/gorest-api-framework/data/token.txt"&gt;/Users/vivadivel/Desktop/gorest-api-framework/data/token.txt&lt;/a&gt;'.</msg>
<msg time="2025-07-09T13:36:52.193772" level="INFO">${token} = 00DgL000006I3IZ!AQEAQFMcQ8RA0rP2q4NzP_747aSJtC9xU5nRF52P_tw_dPEVAw0hUUSfBkniTmypFPFQRIMjrvHq6AD6ydaN4BiYyqDqHwpH</msg>
<var>${token}</var>
<arg>${TOKEN_FILE}</arg>
<doc>Returns the contents of a specified file.</doc>
<status status="PASS" start="2025-07-09T13:36:52.193638" elapsed="0.000142"/>
</kw>
<kw name="Set Suite Variable" owner="BuiltIn">
<msg time="2025-07-09T13:36:52.194056" level="INFO">${ACCESS_TOKEN} = 00DgL000006I3IZ!AQEAQFMcQ8RA0rP2q4NzP_747aSJtC9xU5nRF52P_tw_dPEVAw0hUUSfBkniTmypFPFQRIMjrvHq6AD6ydaN4BiYyqDqHwpH</msg>
<arg>${ACCESS_TOKEN}</arg>
<arg>${token}</arg>
<doc>Makes a variable available everywhere within the scope of the current suite.</doc>
<status status="PASS" start="2025-07-09T13:36:52.193819" elapsed="0.000252"/>
</kw>
<doc>Loads the access token from file</doc>
<status status="PASS" start="2025-07-09T13:36:52.193591" elapsed="0.000498"/>
</kw>
<kw name="Load Account Data" owner="keyword">
<kw name="Get File" owner="OperatingSystem">
<msg time="2025-07-09T13:36:52.194217" level="INFO" html="true">Getting file '&lt;a href="file:///Users/vivadivel/Desktop/gorest-api-framework/data/account_data.json"&gt;/Users/vivadivel/Desktop/gorest-api-framework/data/account_data.json&lt;/a&gt;'.</msg>
<msg time="2025-07-09T13:36:52.194278" level="INFO">${json} = {
  "Name": "Pears Corporation"
}
</msg>
<var>${json}</var>
<arg>${ACCOUNT_DATA_FILE}</arg>
<doc>Returns the contents of a specified file.</doc>
<status status="PASS" start="2025-07-09T13:36:52.194179" elapsed="0.000107"/>
</kw>
<kw name="Evaluate" owner="BuiltIn">
<msg time="2025-07-09T13:36:52.194408" level="INFO">${account_data} = {'Name': 'Pears Corporation'}</msg>
<var>${account_data}</var>
<arg>json.loads('''${json}''')</arg>
<arg>json</arg>
<doc>Evaluates the given expression in Python and returns the result.</doc>
<status status="PASS" start="2025-07-09T13:36:52.194318" elapsed="0.000098"/>
</kw>
<kw name="Set Suite Variable" owner="BuiltIn">
<msg time="2025-07-09T13:36:52.194509" level="INFO">${ACCOUNT_DATA} = {'Name': 'Pears Corporation'}</msg>
<arg>${ACCOUNT_DATA}</arg>
<arg>${account_data}</arg>
<doc>Makes a variable available everywhere within the scope of the current suite.</doc>
<status status="PASS" start="2025-07-09T13:36:52.194451" elapsed="0.000070"/>
</kw>
<doc>Loads the account data from JSON file</doc>
<status status="PASS" start="2025-07-09T13:36:52.194129" elapsed="0.000408"/>
</kw>
<doc>Loads both access token and account data</doc>
<status status="PASS" start="2025-07-09T13:36:52.193535" elapsed="0.001014"/>
</kw>
<status status="PASS" start="2025-07-09T13:36:52.193325" elapsed="0.001235"/>
</kw>
<test id="s1-s2-s1-t1" name="Delete Account And Validate" line="14">
<kw name="Create Account With Valid Data" owner="keyword">
<kw name="Create Dictionary" owner="BuiltIn">
<msg time="2025-07-09T13:36:52.194861" level="INFO">${headers} = {'Authorization': 'Bearer 00DgL000006I3IZ!AQEAQFMcQ8RA0rP2q4NzP_747aSJtC9xU5nRF52P_tw_dPEVAw0hUUSfBkniTmypFPFQRIMjrvHq6AD6ydaN4BiYyqDqHwpH', 'Content-Type': 'application/json'}</msg>
<var>${headers}</var>
<arg>Authorization=Bearer ${ACCESS_TOKEN}</arg>
<arg>Content-Type=application/json</arg>
<doc>Creates and returns a dictionary based on the given ``items``.</doc>
<status status="PASS" start="2025-07-09T13:36:52.194778" elapsed="0.000092"/>
</kw>
<kw name="Generate Random String" owner="keyword">
<kw name="Set Variable" owner="BuiltIn">
<msg time="2025-07-09T13:36:52.195027" level="INFO">${CHARS} = abcdefghijklmnopqrstuvwxyz0123456789</msg>
<var>${CHARS}</var>
<arg>abcdefghijklmnopqrstuvwxyz0123456789</arg>
<doc>Returns the given values which can then be assigned to a variables.</doc>
<status status="PASS" start="2025-07-09T13:36:52.194992" elapsed="0.000045"/>
</kw>
<kw name="Evaluate" owner="BuiltIn">
<msg time="2025-07-09T13:36:52.195177" level="INFO">${result} = x2fk5</msg>
<var>${result}</var>
<arg>''.join(random.choices('${CHARS}', k=${length}))</arg>
<arg>random</arg>
<doc>Evaluates the given expression in Python and returns the result.</doc>
<status status="PASS" start="2025-07-09T13:36:52.195069" elapsed="0.000116"/>
</kw>
<return>
<value>${result}</value>
<status status="PASS" start="2025-07-09T13:36:52.195202" elapsed="0.000014"/>
</return>
<msg time="2025-07-09T13:36:52.195255" level="INFO">${random} = x2fk5</msg>
<var>${random}</var>
<arg>5</arg>
<status status="PASS" start="2025-07-09T13:36:52.194917" elapsed="0.000345"/>
</kw>
<kw name="Create Dictionary" owner="BuiltIn">
<msg time="2025-07-09T13:36:52.195359" level="INFO">${data} = {'name': 'x2fk5 Corporation'}</msg>
<var>${data}</var>
<arg>name=${random} Corporation</arg>
<doc>Creates and returns a dictionary based on the given ``items``.</doc>
<status status="PASS" start="2025-07-09T13:36:52.195297" elapsed="0.000069"/>
</kw>
<kw name="POST" owner="RequestsLibrary">
<msg time="2025-07-09T13:36:52.936332" level="INFO">POST Request : url=https://orgfarm-2acc2d9727-dev-ed.develop.my.salesforce.com/services/data/v62.0/sobjects/Account/ 
 path_url=/services/data/v62.0/sobjects/Account/ 
 headers={'User-Agent': 'python-requests/2.32.4', 'Accept-Encoding': 'gzip, deflate', 'Accept': '*/*', 'Connection': 'keep-alive', 'Authorization': 'Bearer 00DgL000006I3IZ!AQEAQFMcQ8RA0rP2q4NzP_747aSJtC9xU5nRF52P_tw_dPEVAw0hUUSfBkniTmypFPFQRIMjrvHq6AD6ydaN4BiYyqDqHwpH', 'Content-Type': 'application/json', 'Content-Length': '29'} 
 body=b'{"name": "x2fk5 Corporation"}' 
 </msg>
<msg time="2025-07-09T13:36:52.936446" level="INFO">POST Response : url=https://orgfarm-2acc2d9727-dev-ed.develop.my.salesforce.com/services/data/v62.0/sobjects/Account/ 
 status=201, reason=Created 
 headers={'Date': 'Wed, 09 Jul 2025 08:06:52 GMT', 'Content-Type': 'application/json;charset=UTF-8', 'Transfer-Encoding': 'chunked', 'Connection': 'keep-alive', 'X-Robots-Tag': 'none', 'Location': '/services/data/v62.0/sobjects/Account/001gL00000DPFkOQAX', 'Vary': 'Accept-Encoding', 'Sforce-Limit-Info': 'api-usage=36/15000', 'Content-Encoding': 'gzip', 'X-Content-Type-Options': 'nosniff', 'Cache-Control': 'no-cache,must-revalidate,max-age=0,no-store,private', 'Set-Cookie': 'CookieConsentPolicy=0:1; path=/; expires=Thu, 09-Jul-2026 08:06:52 GMT; Max-Age=31536000; secure, LSKey-c$CookieConsentPolicy=0:1; path=/; expires=Thu, 09-Jul-2026 08:06:52 GMT; Max-Age=31536000; secure, BrowserId=rBKS_lybEfC8MrEQ7YVSDg; domain=.salesforce.com; path=/; expires=Thu, 09-Jul-2026 08:06:52 GMT; Max-Age=31536000; secure; SameSite=None', 'Strict-Transport-Security': 'max-age=63072000; includeSubDomains', 'Server': 'sfdcedge', 'X-SFDC-Request-Id': 'c64c805aaf090989862f838f2f108733', 'X-Request-Id': 'c64c805aaf090989862f838f2f108733'} 
 body={"id":"001gL00000DPFkOQAX","success":true,"errors":[]} 
 </msg>
<msg time="2025-07-09T13:36:52.936621" level="INFO">${resp} = &lt;Response [201]&gt;</msg>
<var>${resp}</var>
<arg>${INSTANCE_URL}/services/data/${API_VERSION}/sobjects/Account/</arg>
<arg>headers=${headers}</arg>
<arg>json=${data}</arg>
<doc>Sends a POST request.</doc>
<status status="PASS" start="2025-07-09T13:36:52.195421" elapsed="0.741225"/>
</kw>
<kw name="Should Be Equal As Integers" owner="BuiltIn">
<msg time="2025-07-09T13:36:52.937609" level="INFO">Argument types are:
&lt;class 'int'&gt;
&lt;class 'str'&gt;</msg>
<arg>${resp.status_code}</arg>
<arg>201</arg>
<doc>Fails if objects are unequal after converting them to integers.</doc>
<status status="PASS" start="2025-07-09T13:36:52.936830" elapsed="0.000848"/>
</kw>
<kw name="Set Variable" owner="BuiltIn">
<msg time="2025-07-09T13:36:52.938285" level="INFO">${account_id} = 001gL00000DPFkOQAX</msg>
<var>${account_id}</var>
<arg>${resp.json()['id']}</arg>
<doc>Returns the given values which can then be assigned to a variables.</doc>
<status status="PASS" start="2025-07-09T13:36:52.937805" elapsed="0.000506"/>
</kw>
<kw name="Set Suite Variable" owner="BuiltIn">
<msg time="2025-07-09T13:36:52.938580" level="INFO">${account_id} = 001gL00000DPFkOQAX</msg>
<arg>${account_id}</arg>
<doc>Makes a variable available everywhere within the scope of the current suite.</doc>
<status status="PASS" start="2025-07-09T13:36:52.938417" elapsed="0.000197"/>
</kw>
<return>
<value>${account_id}</value>
<status status="PASS" start="2025-07-09T13:36:52.938658" elapsed="0.000041"/>
</return>
<kw name="Log To Console" owner="BuiltIn">
<arg>${resp}</arg>
<doc>Logs the given message to the console.</doc>
<status status="NOT RUN" start="2025-07-09T13:36:52.938789" elapsed="0.000015"/>
</kw>
<kw name="Log To Console" owner="BuiltIn">
<arg>${resp.text}</arg>
<doc>Logs the given message to the console.</doc>
<status status="NOT RUN" start="2025-07-09T13:36:52.938882" elapsed="0.000014"/>
</kw>
<msg time="2025-07-09T13:36:52.939004" level="INFO">${account_id} = 001gL00000DPFkOQAX</msg>
<var>${account_id}</var>
<status status="PASS" start="2025-07-09T13:36:52.194712" elapsed="0.744313"/>
</kw>
<kw name="Log To Console" owner="BuiltIn">
<arg>${account_id}</arg>
<doc>Logs the given message to the console.</doc>
<status status="PASS" start="2025-07-09T13:36:52.939172" elapsed="0.000122"/>
</kw>
<kw name="Create Dictionary" owner="BuiltIn">
<msg time="2025-07-09T13:36:52.939599" level="INFO">${headers} = {'Authorization': 'Bearer 00DgL000006I3IZ!AQEAQFMcQ8RA0rP2q4NzP_747aSJtC9xU5nRF52P_tw_dPEVAw0hUUSfBkniTmypFPFQRIMjrvHq6AD6ydaN4BiYyqDqHwpH'}</msg>
<var>${headers}</var>
<arg>Authorization=Bearer ${ACCESS_TOKEN}</arg>
<doc>Creates and returns a dictionary based on the given ``items``.</doc>
<status status="PASS" start="2025-07-09T13:36:52.939401" elapsed="0.000223"/>
</kw>
<kw name="DELETE On Session" owner="RequestsLibrary">
<msg time="2025-07-09T13:36:54.175481" level="INFO">DELETE Request : url=https://orgfarm-2acc2d9727-dev-ed.develop.my.salesforce.com/services/data/v62.0/sobjects/Account/001gL00000DPFkOQAX 
 path_url=/services/data/v62.0/sobjects/Account/001gL00000DPFkOQAX 
 headers={'User-Agent': 'python-requests/2.32.4', 'Accept-Encoding': 'gzip, deflate', 'Accept': '*/*', 'Connection': 'keep-alive', 'Authorization': 'Bearer 00DgL000006I3IZ!AQEAQFMcQ8RA0rP2q4NzP_747aSJtC9xU5nRF52P_tw_dPEVAw0hUUSfBkniTmypFPFQRIMjrvHq6AD6ydaN4BiYyqDqHwpH', 'Content-Length': '0'} 
 body=None 
 </msg>
<msg time="2025-07-09T13:36:54.175691" level="INFO">DELETE Response : url=https://orgfarm-2acc2d9727-dev-ed.develop.my.salesforce.com/services/data/v62.0/sobjects/Account/001gL00000DPFkOQAX 
 status=204, reason=No Content 
 headers={'Date': 'Wed, 09 Jul 2025 08:06:54 GMT', 'Connection': 'keep-alive', 'Content-Security-Policy': 'upgrade-insecure-requests', 'Strict-Transport-Security': 'max-age=63072000; includeSubDomains', 'Sforce-Limit-Info': 'api-usage=35/15000', 'X-Robots-Tag': 'none', 'X-Content-Type-Options': 'nosniff', 'Cache-Control': 'no-cache,must-revalidate,max-age=0,no-store,private', 'Set-Cookie': 'CookieConsentPolicy=0:1; path=/; expires=Thu, 09-Jul-2026 08:06:53 GMT; Max-Age=31536000; secure, LSKey-c$CookieConsentPolicy=0:1; path=/; expires=Thu, 09-Jul-2026 08:06:53 GMT; Max-Age=31536000; secure, BrowserId=rIV5MVybEfCD6hkVlle1hg; domain=.salesforce.com; path=/; expires=Thu, 09-Jul-2026 08:06:53 GMT; Max-Age=31536000; secure; SameSite=None', 'Server': 'sfdcedge', 'X-SFDC-Request-Id': 'ec578f102c2a8327b714ccf0f3502cc2', 'X-Request-Id': 'ec578f102c2a8327b714ccf0f3502cc2'} 
 body=None 
 </msg>
<msg time="2025-07-09T13:36:54.175879" level="INFO">/Library/Frameworks/Python.framework/Versions/3.13/lib/python3.13/site-packages/urllib3/connectionpool.py:1097: InsecureRequestWarning: Unverified HTTPS request is being made to host 'orgfarm-2acc2d9727-dev-ed.develop.my.salesforce.com'. Adding certificate verification is strongly advised. See: https://urllib3.readthedocs.io/en/latest/advanced-usage.html#tls-warnings
  warnings.warn(</msg>
<msg time="2025-07-09T13:36:54.176200" level="INFO">${resp} = &lt;Response [204]&gt;</msg>
<var>${resp}</var>
<arg>mysession</arg>
<arg>${INSTANCE_URL}/services/data/${API_VERSION}/sobjects/Account/${account_id}</arg>
<arg>headers=${headers}</arg>
<arg>expected_status=204</arg>
<doc>Sends a DELETE request on a previously created HTTP Session.</doc>
<status status="PASS" start="2025-07-09T13:36:52.939733" elapsed="1.236512"/>
</kw>
<kw name="Log To Console" owner="BuiltIn">
<arg>${resp}</arg>
<doc>Logs the given message to the console.</doc>
<status status="PASS" start="2025-07-09T13:36:54.176683" elapsed="0.000389"/>
</kw>
<kw name="Log To Console" owner="BuiltIn">
<arg>${resp.text}</arg>
<doc>Logs the given message to the console.</doc>
<status status="PASS" start="2025-07-09T13:36:54.177307" elapsed="0.000933"/>
</kw>
<kw name="Should Be Equal As Integers" owner="BuiltIn">
<msg time="2025-07-09T13:36:54.179004" level="INFO">Argument types are:
&lt;class 'int'&gt;
&lt;class 'str'&gt;</msg>
<arg>${resp.status_code}</arg>
<arg>204</arg>
<doc>Fails if objects are unequal after converting them to integers.</doc>
<status status="PASS" start="2025-07-09T13:36:54.178447" elapsed="0.000617"/>
</kw>
<kw name="GET On Session" owner="RequestsLibrary">
<msg time="2025-07-09T13:36:54.464245" level="INFO">GET Request : url=https://orgfarm-2acc2d9727-dev-ed.develop.my.salesforce.com/services/data/v62.0/sobjects/Account/001gL00000DPFkOQAX 
 path_url=/services/data/v62.0/sobjects/Account/001gL00000DPFkOQAX 
 headers={'User-Agent': 'python-requests/2.32.4', 'Accept-Encoding': 'gzip, deflate', 'Accept': '*/*', 'Connection': 'keep-alive', 'Authorization': 'Bearer 00DgL000006I3IZ!AQEAQFMcQ8RA0rP2q4NzP_747aSJtC9xU5nRF52P_tw_dPEVAw0hUUSfBkniTmypFPFQRIMjrvHq6AD6ydaN4BiYyqDqHwpH', 'Cookie': 'CookieConsentPolicy=0:1; LSKey-c$CookieConsentPolicy=0:1; BrowserId=rIV5MVybEfCD6hkVlle1hg'} 
 body=None 
 </msg>
<msg time="2025-07-09T13:36:54.464501" level="INFO">GET Response : url=https://orgfarm-2acc2d9727-dev-ed.develop.my.salesforce.com/services/data/v62.0/sobjects/Account/001gL00000DPFkOQAX 
 status=404, reason=Not Found 
 headers={'Date': 'Wed, 09 Jul 2025 08:06:54 GMT', 'Content-Type': 'application/json;charset=UTF-8', 'Transfer-Encoding': 'chunked', 'Connection': 'keep-alive', 'X-Content-Type-Options': 'nosniff', 'Cache-Control': 'no-cache,must-revalidate,max-age=0,no-store,private', 'Sforce-Limit-Info': 'api-usage=37/15000', 'Strict-Transport-Security': 'max-age=63072000; includeSubDomains', 'X-Robots-Tag': 'none', 'Server': 'sfdcedge', 'X-SFDC-Request-Id': '59d9bf2bc19e26f6969702351bdbd8cd', 'X-Request-Id': '59d9bf2bc19e26f6969702351bdbd8cd'} 
 body=[{"errorCode":"NOT_FOUND","message":"The requested resource does not exist"}] 
 </msg>
<msg time="2025-07-09T13:36:54.464674" level="INFO">/Library/Frameworks/Python.framework/Versions/3.13/lib/python3.13/site-packages/urllib3/connectionpool.py:1097: InsecureRequestWarning: Unverified HTTPS request is being made to host 'orgfarm-2acc2d9727-dev-ed.develop.my.salesforce.com'. Adding certificate verification is strongly advised. See: https://urllib3.readthedocs.io/en/latest/advanced-usage.html#tls-warnings
  warnings.warn(</msg>
<msg time="2025-07-09T13:36:54.465101" level="INFO">${resp} = &lt;Response [404]&gt;</msg>
<var>${resp}</var>
<arg>mysession</arg>
<arg>${INSTANCE_URL}/services/data/${API_VERSION}/sobjects/Account/${account_id}</arg>
<arg>headers=${headers}</arg>
<arg>expected_status=404</arg>
<doc>Sends a GET request on a previously created HTTP Session.</doc>
<status status="PASS" start="2025-07-09T13:36:54.179495" elapsed="0.285666"/>
</kw>
<kw name="Log To Console" owner="BuiltIn">
<arg>${resp}</arg>
<doc>Logs the given message to the console.</doc>
<status status="PASS" start="2025-07-09T13:36:54.465673" elapsed="0.000463"/>
</kw>
<kw name="Log To Console" owner="BuiltIn">
<arg>${resp.text}</arg>
<doc>Logs the given message to the console.</doc>
<status status="PASS" start="2025-07-09T13:36:54.466470" elapsed="0.000930"/>
</kw>
<kw name="Should Be Equal As Integers" owner="BuiltIn">
<msg time="2025-07-09T13:36:54.468279" level="INFO">Argument types are:
&lt;class 'int'&gt;
&lt;class 'str'&gt;</msg>
<arg>${resp.status_code}</arg>
<arg>404</arg>
<doc>Fails if objects are unequal after converting them to integers.</doc>
<status status="PASS" start="2025-07-09T13:36:54.467611" elapsed="0.000730"/>
</kw>
<kw name="Should Contain" owner="BuiltIn">
<arg>${resp.text}</arg>
<arg>NOT_FOUND</arg>
<doc>Fails if ``container`` does not contain ``item`` one or more times.</doc>
<status status="PASS" start="2025-07-09T13:36:54.468519" elapsed="0.000531"/>
</kw>
<tag>regression</tag>
<tag>smoke</tag>
<status status="PASS" start="2025-07-09T13:36:52.194577" elapsed="2.274683"/>
</test>
<status status="PASS" start="2025-07-09T13:36:52.192392" elapsed="2.277351"/>
</suite>
<suite id="s1-s2-s2" name="Delete Account With Invalid ID" source="/Users/vivadivel/Desktop/gorest-api-framework/tests/Sandbox_Account/Delete/Delete_Account_With_Invalid_ID.robot">
<kw name="Setup Session And Load Data" type="SETUP">
<kw name="Create Session" owner="RequestsLibrary">
<msg time="2025-07-09T13:36:54.475765" level="INFO">Creating Session using : alias=mysession, url=https://orgfarm-2acc2d9727-dev-ed.develop.my.salesforce.com, headers={},                     cookies={}, auth=None, timeout=None, proxies=None, verify=False,                     debug=0 </msg>
<arg>mysession</arg>
<arg>${INSTANCE_URL}</arg>
<doc>Create Session: create a HTTP session to a server</doc>
<status status="PASS" start="2025-07-09T13:36:54.475586" elapsed="0.000415"/>
</kw>
<kw name="Load Access Token And Account Data" owner="keyword">
<kw name="Load Access Token" owner="keyword">
<kw name="Get File" owner="OperatingSystem">
<msg time="2025-07-09T13:36:54.476582" level="INFO" html="true">Getting file '&lt;a href="file:///Users/vivadivel/Desktop/gorest-api-framework/data/token.txt"&gt;/Users/vivadivel/Desktop/gorest-api-framework/data/token.txt&lt;/a&gt;'.</msg>
<msg time="2025-07-09T13:36:54.477051" level="INFO">${token} = 00DgL000006I3IZ!AQEAQFMcQ8RA0rP2q4NzP_747aSJtC9xU5nRF52P_tw_dPEVAw0hUUSfBkniTmypFPFQRIMjrvHq6AD6ydaN4BiYyqDqHwpH</msg>
<var>${token}</var>
<arg>${TOKEN_FILE}</arg>
<doc>Returns the contents of a specified file.</doc>
<status status="PASS" start="2025-07-09T13:36:54.476468" elapsed="0.000608"/>
</kw>
<kw name="Set Suite Variable" owner="BuiltIn">
<msg time="2025-07-09T13:36:54.477914" level="INFO">${ACCESS_TOKEN} = 00DgL000006I3IZ!AQEAQFMcQ8RA0rP2q4NzP_747aSJtC9xU5nRF52P_tw_dPEVAw0hUUSfBkniTmypFPFQRIMjrvHq6AD6ydaN4BiYyqDqHwpH</msg>
<arg>${ACCESS_TOKEN}</arg>
<arg>${token}</arg>
<doc>Makes a variable available everywhere within the scope of the current suite.</doc>
<status status="PASS" start="2025-07-09T13:36:54.477191" elapsed="0.000761"/>
</kw>
<doc>Loads the access token from file</doc>
<status status="PASS" start="2025-07-09T13:36:54.476334" elapsed="0.001674"/>
</kw>
<kw name="Load Account Data" owner="keyword">
<kw name="Get File" owner="OperatingSystem">
<msg time="2025-07-09T13:36:54.478500" level="INFO" html="true">Getting file '&lt;a href="file:///Users/vivadivel/Desktop/gorest-api-framework/data/account_data.json"&gt;/Users/vivadivel/Desktop/gorest-api-framework/data/account_data.json&lt;/a&gt;'.</msg>
<msg time="2025-07-09T13:36:54.478996" level="INFO">${json} = {
  "Name": "Pears Corporation"
}
</msg>
<var>${json}</var>
<arg>${ACCOUNT_DATA_FILE}</arg>
<doc>Returns the contents of a specified file.</doc>
<status status="PASS" start="2025-07-09T13:36:54.478386" elapsed="0.000640"/>
</kw>
<kw name="Evaluate" owner="BuiltIn">
<msg time="2025-07-09T13:36:54.479446" level="INFO">${account_data} = {'Name': 'Pears Corporation'}</msg>
<var>${account_data}</var>
<arg>json.loads('''${json}''')</arg>
<arg>json</arg>
<doc>Evaluates the given expression in Python and returns the result.</doc>
<status status="PASS" start="2025-07-09T13:36:54.479127" elapsed="0.000339"/>
</kw>
<kw name="Set Suite Variable" owner="BuiltIn">
<msg time="2025-07-09T13:36:54.479713" level="INFO">${ACCOUNT_DATA} = {'Name': 'Pears Corporation'}</msg>
<arg>${ACCOUNT_DATA}</arg>
<arg>${account_data}</arg>
<doc>Makes a variable available everywhere within the scope of the current suite.</doc>
<status status="PASS" start="2025-07-09T13:36:54.479557" elapsed="0.000185"/>
</kw>
<doc>Loads the account data from JSON file</doc>
<status status="PASS" start="2025-07-09T13:36:54.478122" elapsed="0.001663"/>
</kw>
<doc>Loads both access token and account data</doc>
<status status="PASS" start="2025-07-09T13:36:54.476153" elapsed="0.003669"/>
</kw>
<status status="PASS" start="2025-07-09T13:36:54.475244" elapsed="0.004614"/>
</kw>
<test id="s1-s2-s2-t1" name="Delete Account With Invalid Id" line="14">
<kw name="Create Dictionary" owner="BuiltIn">
<msg time="2025-07-09T13:36:54.480886" level="INFO">${headers} = {'Authorization': 'Bearer 00DgL000006I3IZ!AQEAQFMcQ8RA0rP2q4NzP_747aSJtC9xU5nRF52P_tw_dPEVAw0hUUSfBkniTmypFPFQRIMjrvHq6AD6ydaN4BiYyqDqHwpH'}</msg>
<var>${headers}</var>
<arg>Authorization=Bearer ${ACCESS_TOKEN}</arg>
<doc>Creates and returns a dictionary based on the given ``items``.</doc>
<status status="PASS" start="2025-07-09T13:36:54.480514" elapsed="0.000390"/>
</kw>
<kw name="DELETE On Session" owner="RequestsLibrary">
<msg time="2025-07-09T13:36:54.880509" level="INFO">DELETE Request : url=https://orgfarm-2acc2d9727-dev-ed.develop.my.salesforce.com/services/data/v62.0/sobjects/Account/invalidid123 
 path_url=/services/data/v62.0/sobjects/Account/invalidid123 
 headers={'User-Agent': 'python-requests/2.32.4', 'Accept-Encoding': 'gzip, deflate', 'Accept': '*/*', 'Connection': 'keep-alive', 'Authorization': 'Bearer 00DgL000006I3IZ!AQEAQFMcQ8RA0rP2q4NzP_747aSJtC9xU5nRF52P_tw_dPEVAw0hUUSfBkniTmypFPFQRIMjrvHq6AD6ydaN4BiYyqDqHwpH', 'Content-Length': '0'} 
 body=None 
 </msg>
<msg time="2025-07-09T13:36:54.880755" level="INFO">DELETE Response : url=https://orgfarm-2acc2d9727-dev-ed.develop.my.salesforce.com/services/data/v62.0/sobjects/Account/invalidid123 
 status=404, reason=Not Found 
 headers={'Date': 'Wed, 09 Jul 2025 08:06:54 GMT', 'Content-Type': 'application/json;charset=UTF-8', 'Transfer-Encoding': 'chunked', 'Connection': 'keep-alive', 'X-Content-Type-Options': 'nosniff', 'Strict-Transport-Security': 'max-age=63072000; includeSubDomains', 'Set-Cookie': 'CookieConsentPolicy=0:1; path=/; expires=Thu, 09-Jul-2026 08:06:54 GMT; Max-Age=31536000; secure, LSKey-c$CookieConsentPolicy=0:1; path=/; expires=Thu, 09-Jul-2026 08:06:54 GMT; Max-Age=31536000; secure, BrowserId=rXAAGlybEfCIWAsgDWEyfg; domain=.salesforce.com; path=/; expires=Thu, 09-Jul-2026 08:06:54 GMT; Max-Age=31536000; secure; SameSite=None', 'Sforce-Limit-Info': 'api-usage=36/15000', 'Cache-Control': 'no-cache,must-revalidate,max-age=0,no-store,private', 'X-Robots-Tag': 'none', 'Server': 'sfdcedge', 'X-SFDC-Request-Id': '11e78467815219f8d1b6958838e2de5a', 'X-Request-Id': '11e78467815219f8d1b6958838e2de5a'} 
 body=[{"errorCode":"NOT_FOUND","message":"Provided external ID field does not exist or is not accessible: invalidid123"}] 
 </msg>
<msg time="2025-07-09T13:36:54.880926" level="INFO">/Library/Frameworks/Python.framework/Versions/3.13/lib/python3.13/site-packages/urllib3/connectionpool.py:1097: InsecureRequestWarning: Unverified HTTPS request is being made to host 'orgfarm-2acc2d9727-dev-ed.develop.my.salesforce.com'. Adding certificate verification is strongly advised. See: https://urllib3.readthedocs.io/en/latest/advanced-usage.html#tls-warnings
  warnings.warn(</msg>
<msg time="2025-07-09T13:36:54.881263" level="INFO">${resp} = &lt;Response [404]&gt;</msg>
<var>${resp}</var>
<arg>mysession</arg>
<arg>${INSTANCE_URL}/services/data/${API_VERSION}/sobjects/Account/${invalid_account_id}</arg>
<arg>headers=${headers}</arg>
<arg>expected_status=404</arg>
<doc>Sends a DELETE request on a previously created HTTP Session.</doc>
<status status="PASS" start="2025-07-09T13:36:54.481094" elapsed="0.400215"/>
</kw>
<kw name="Log To Console" owner="BuiltIn">
<arg>${resp}</arg>
<doc>Logs the given message to the console.</doc>
<status status="PASS" start="2025-07-09T13:36:54.881723" elapsed="0.000376"/>
</kw>
<kw name="Log To Console" owner="BuiltIn">
<arg>${resp.text}</arg>
<doc>Logs the given message to the console.</doc>
<status status="PASS" start="2025-07-09T13:36:54.882330" elapsed="0.002546"/>
</kw>
<kw name="Should Be Equal As Integers" owner="BuiltIn">
<msg time="2025-07-09T13:36:54.885616" level="INFO">Argument types are:
&lt;class 'int'&gt;
&lt;class 'str'&gt;</msg>
<arg>${resp.status_code}</arg>
<arg>404</arg>
<doc>Fails if objects are unequal after converting them to integers.</doc>
<status status="PASS" start="2025-07-09T13:36:54.885070" elapsed="0.000605"/>
</kw>
<kw name="Should Contain" owner="BuiltIn">
<arg>${resp.text}</arg>
<arg>NOT_FOUND</arg>
<doc>Fails if ``container`` does not contain ``item`` one or more times.</doc>
<status status="PASS" start="2025-07-09T13:36:54.885856" elapsed="0.000499"/>
</kw>
<tag>regression</tag>
<status status="PASS" start="2025-07-09T13:36:54.479910" elapsed="0.406648"/>
</test>
<status status="PASS" start="2025-07-09T13:36:54.470659" elapsed="0.416585"/>
</suite>
<status status="PASS" start="2025-07-09T13:36:52.191613" elapsed="2.696921"/>
</suite>
<suite id="s1-s3" name="Get" source="/Users/vivadivel/Desktop/gorest-api-framework/tests/Sandbox_Account/Get">
<suite id="s1-s3-s1" name="Get Account Details By Invalid ID" source="/Users/vivadivel/Desktop/gorest-api-framework/tests/Sandbox_Account/Get/Get_Account_Details_By_Invalid_ID.robot">
<kw name="Setup Session And Load Data" type="SETUP">
<kw name="Create Session" owner="RequestsLibrary">
<msg time="2025-07-09T13:36:54.894740" level="INFO">Creating Session using : alias=mysession, url=https://orgfarm-2acc2d9727-dev-ed.develop.my.salesforce.com, headers={},                     cookies={}, auth=None, timeout=None, proxies=None, verify=False,                     debug=0 </msg>
<arg>mysession</arg>
<arg>${INSTANCE_URL}</arg>
<doc>Create Session: create a HTTP session to a server</doc>
<status status="PASS" start="2025-07-09T13:36:54.894599" elapsed="0.000366"/>
</kw>
<kw name="Load Access Token And Account Data" owner="keyword">
<kw name="Load Access Token" owner="keyword">
<kw name="Get File" owner="OperatingSystem">
<msg time="2025-07-09T13:36:54.895304" level="INFO" html="true">Getting file '&lt;a href="file:///Users/vivadivel/Desktop/gorest-api-framework/data/token.txt"&gt;/Users/vivadivel/Desktop/gorest-api-framework/data/token.txt&lt;/a&gt;'.</msg>
<msg time="2025-07-09T13:36:54.895542" level="INFO">${token} = 00DgL000006I3IZ!AQEAQFMcQ8RA0rP2q4NzP_747aSJtC9xU5nRF52P_tw_dPEVAw0hUUSfBkniTmypFPFQRIMjrvHq6AD6ydaN4BiYyqDqHwpH</msg>
<var>${token}</var>
<arg>${TOKEN_FILE}</arg>
<doc>Returns the contents of a specified file.</doc>
<status status="PASS" start="2025-07-09T13:36:54.895229" elapsed="0.000324"/>
</kw>
<kw name="Set Suite Variable" owner="BuiltIn">
<msg time="2025-07-09T13:36:54.896267" level="INFO">${ACCESS_TOKEN} = 00DgL000006I3IZ!AQEAQFMcQ8RA0rP2q4NzP_747aSJtC9xU5nRF52P_tw_dPEVAw0hUUSfBkniTmypFPFQRIMjrvHq6AD6ydaN4BiYyqDqHwpH</msg>
<arg>${ACCESS_TOKEN}</arg>
<arg>${token}</arg>
<doc>Makes a variable available everywhere within the scope of the current suite.</doc>
<status status="PASS" start="2025-07-09T13:36:54.895612" elapsed="0.000739"/>
</kw>
<doc>Loads the access token from file</doc>
<status status="PASS" start="2025-07-09T13:36:54.895164" elapsed="0.001219"/>
</kw>
<kw name="Load Account Data" owner="keyword">
<kw name="Get File" owner="OperatingSystem">
<msg time="2025-07-09T13:36:54.896575" level="INFO" html="true">Getting file '&lt;a href="file:///Users/vivadivel/Desktop/gorest-api-framework/data/account_data.json"&gt;/Users/vivadivel/Desktop/gorest-api-framework/data/account_data.json&lt;/a&gt;'.</msg>
<msg time="2025-07-09T13:36:54.896695" level="INFO">${json} = {
  "Name": "Pears Corporation"
}
</msg>
<var>${json}</var>
<arg>${ACCOUNT_DATA_FILE}</arg>
<doc>Returns the contents of a specified file.</doc>
<status status="PASS" start="2025-07-09T13:36:54.896504" elapsed="0.000200"/>
</kw>
<kw name="Evaluate" owner="BuiltIn">
<msg time="2025-07-09T13:36:54.896997" level="INFO">${account_data} = {'Name': 'Pears Corporation'}</msg>
<var>${account_data}</var>
<arg>json.loads('''${json}''')</arg>
<arg>json</arg>
<doc>Evaluates the given expression in Python and returns the result.</doc>
<status status="PASS" start="2025-07-09T13:36:54.896744" elapsed="0.000261"/>
</kw>
<kw name="Set Suite Variable" owner="BuiltIn">
<msg time="2025-07-09T13:36:54.897113" level="INFO">${ACCOUNT_DATA} = {'Name': 'Pears Corporation'}</msg>
<arg>${ACCOUNT_DATA}</arg>
<arg>${account_data}</arg>
<doc>Makes a variable available everywhere within the scope of the current suite.</doc>
<status status="PASS" start="2025-07-09T13:36:54.897046" elapsed="0.000080"/>
</kw>
<doc>Loads the account data from JSON file</doc>
<status status="PASS" start="2025-07-09T13:36:54.896441" elapsed="0.000703"/>
</kw>
<doc>Loads both access token and account data</doc>
<status status="PASS" start="2025-07-09T13:36:54.895075" elapsed="0.002083"/>
</kw>
<status status="PASS" start="2025-07-09T13:36:54.894381" elapsed="0.002792"/>
</kw>
<test id="s1-s3-s1-t1" name="Get Account With Invalid Id" line="14">
<kw name="Create Dictionary" owner="BuiltIn">
<msg time="2025-07-09T13:36:54.897456" level="INFO">${headers} = {'Authorization': 'Bearer 00DgL000006I3IZ!AQEAQFMcQ8RA0rP2q4NzP_747aSJtC9xU5nRF52P_tw_dPEVAw0hUUSfBkniTmypFPFQRIMjrvHq6AD6ydaN4BiYyqDqHwpH'}</msg>
<var>${headers}</var>
<arg>Authorization=Bearer ${ACCESS_TOKEN}</arg>
<doc>Creates and returns a dictionary based on the given ``items``.</doc>
<status status="PASS" start="2025-07-09T13:36:54.897366" elapsed="0.000145"/>
</kw>
<kw name="GET On Session" owner="RequestsLibrary">
<msg time="2025-07-09T13:36:55.229770" level="INFO">GET Request : url=https://orgfarm-2acc2d9727-dev-ed.develop.my.salesforce.com/services/data/v62.0/sobjects/Account/invalidid123 
 path_url=/services/data/v62.0/sobjects/Account/invalidid123 
 headers={'User-Agent': 'python-requests/2.32.4', 'Accept-Encoding': 'gzip, deflate', 'Accept': '*/*', 'Connection': 'keep-alive', 'Authorization': 'Bearer 00DgL000006I3IZ!AQEAQFMcQ8RA0rP2q4NzP_747aSJtC9xU5nRF52P_tw_dPEVAw0hUUSfBkniTmypFPFQRIMjrvHq6AD6ydaN4BiYyqDqHwpH'} 
 body=None 
 </msg>
<msg time="2025-07-09T13:36:55.229991" level="INFO">GET Response : url=https://orgfarm-2acc2d9727-dev-ed.develop.my.salesforce.com/services/data/v62.0/sobjects/Account/invalidid123 
 status=404, reason=Not Found 
 headers={'Date': 'Wed, 09 Jul 2025 08:06:55 GMT', 'Content-Type': 'application/json;charset=UTF-8', 'Transfer-Encoding': 'chunked', 'Connection': 'keep-alive', 'Sforce-Limit-Info': 'api-usage=36/15000', 'Set-Cookie': 'CookieConsentPolicy=0:1; path=/; expires=Thu, 09-Jul-2026 08:06:55 GMT; Max-Age=31536000; secure, LSKey-c$CookieConsentPolicy=0:1; path=/; expires=Thu, 09-Jul-2026 08:06:55 GMT; Max-Age=31536000; secure, BrowserId=ras0hVybEfCD6hkVlle1hg; domain=.salesforce.com; path=/; expires=Thu, 09-Jul-2026 08:06:55 GMT; Max-Age=31536000; secure; SameSite=None', 'Cache-Control': 'no-cache,must-revalidate,max-age=0,no-store,private', 'Strict-Transport-Security': 'max-age=63072000; includeSubDomains', 'X-Content-Type-Options': 'nosniff', 'X-Robots-Tag': 'none', 'Server': 'sfdcedge', 'X-SFDC-Request-Id': '3c0e044d738fb999b711b0683ffbd909', 'X-Request-Id': '3c0e044d738fb999b711b0683ffbd909'} 
 body=[{"errorCode":"NOT_FOUND","message":"Provided external ID field does not exist or is not accessible: invalidid123"}] 
 </msg>
<msg time="2025-07-09T13:36:55.230172" level="INFO">/Library/Frameworks/Python.framework/Versions/3.13/lib/python3.13/site-packages/urllib3/connectionpool.py:1097: InsecureRequestWarning: Unverified HTTPS request is being made to host 'orgfarm-2acc2d9727-dev-ed.develop.my.salesforce.com'. Adding certificate verification is strongly advised. See: https://urllib3.readthedocs.io/en/latest/advanced-usage.html#tls-warnings
  warnings.warn(</msg>
<msg time="2025-07-09T13:36:55.230488" level="INFO">${resp} = &lt;Response [404]&gt;</msg>
<var>${resp}</var>
<arg>mysession</arg>
<arg>${INSTANCE_URL}/services/data/${API_VERSION}/sobjects/Account/${invalid_account_id}</arg>
<arg>headers=${headers}</arg>
<arg>expected_status=404</arg>
<doc>Sends a GET request on a previously created HTTP Session.</doc>
<status status="PASS" start="2025-07-09T13:36:54.897566" elapsed="0.332969"/>
</kw>
<kw name="Log To Console" owner="BuiltIn">
<arg>${resp}</arg>
<doc>Logs the given message to the console.</doc>
<status status="PASS" start="2025-07-09T13:36:55.230974" elapsed="0.000411"/>
</kw>
<kw name="Log To Console" owner="BuiltIn">
<arg>${resp.text}</arg>
<doc>Logs the given message to the console.</doc>
<status status="PASS" start="2025-07-09T13:36:55.231632" elapsed="0.000858"/>
</kw>
<kw name="Should Be Equal As Integers" owner="BuiltIn">
<msg time="2025-07-09T13:36:55.233184" level="INFO">Argument types are:
&lt;class 'int'&gt;
&lt;class 'str'&gt;</msg>
<arg>${resp.status_code}</arg>
<arg>404</arg>
<doc>Fails if objects are unequal after converting them to integers.</doc>
<status status="PASS" start="2025-07-09T13:36:55.232660" elapsed="0.000579"/>
</kw>
<kw name="Should Contain" owner="BuiltIn">
<arg>${resp.text}</arg>
<arg>NOT_FOUND</arg>
<doc>Fails if ``container`` does not contain ``item`` one or more times.</doc>
<status status="PASS" start="2025-07-09T13:36:55.233423" elapsed="0.000507"/>
</kw>
<tag>regression</tag>
<status status="PASS" start="2025-07-09T13:36:54.897200" elapsed="0.336940"/>
</test>
<status status="PASS" start="2025-07-09T13:36:54.890737" elapsed="0.343793"/>
</suite>
<suite id="s1-s3-s2" name="Get Account Details By Valid ID" source="/Users/vivadivel/Desktop/gorest-api-framework/tests/Sandbox_Account/Get/Get_Account_Details_By_Valid_ID.robot">
<kw name="Load Access Token And Account Data" owner="keyword" type="SETUP">
<kw name="Load Access Token" owner="keyword">
<kw name="Get File" owner="OperatingSystem">
<msg time="2025-07-09T13:36:55.240808" level="INFO" html="true">Getting file '&lt;a href="file:///Users/vivadivel/Desktop/gorest-api-framework/data/token.txt"&gt;/Users/vivadivel/Desktop/gorest-api-framework/data/token.txt&lt;/a&gt;'.</msg>
<msg time="2025-07-09T13:36:55.241330" level="INFO">${token} = 00DgL000006I3IZ!AQEAQFMcQ8RA0rP2q4NzP_747aSJtC9xU5nRF52P_tw_dPEVAw0hUUSfBkniTmypFPFQRIMjrvHq6AD6ydaN4BiYyqDqHwpH</msg>
<var>${token}</var>
<arg>${TOKEN_FILE}</arg>
<doc>Returns the contents of a specified file.</doc>
<status status="PASS" start="2025-07-09T13:36:55.240667" elapsed="0.000687"/>
</kw>
<kw name="Set Suite Variable" owner="BuiltIn">
<msg time="2025-07-09T13:36:55.242196" level="INFO">${ACCESS_TOKEN} = 00DgL000006I3IZ!AQEAQFMcQ8RA0rP2q4NzP_747aSJtC9xU5nRF52P_tw_dPEVAw0hUUSfBkniTmypFPFQRIMjrvHq6AD6ydaN4BiYyqDqHwpH</msg>
<arg>${ACCESS_TOKEN}</arg>
<arg>${token}</arg>
<doc>Makes a variable available everywhere within the scope of the current suite.</doc>
<status status="PASS" start="2025-07-09T13:36:55.241487" elapsed="0.000743"/>
</kw>
<doc>Loads the access token from file</doc>
<status status="PASS" start="2025-07-09T13:36:55.240465" elapsed="0.001814"/>
</kw>
<kw name="Load Account Data" owner="keyword">
<kw name="Get File" owner="OperatingSystem">
<msg time="2025-07-09T13:36:55.242587" level="INFO" html="true">Getting file '&lt;a href="file:///Users/vivadivel/Desktop/gorest-api-framework/data/account_data.json"&gt;/Users/vivadivel/Desktop/gorest-api-framework/data/account_data.json&lt;/a&gt;'.</msg>
<msg time="2025-07-09T13:36:55.242940" level="INFO">${json} = {
  "Name": "Pears Corporation"
}
</msg>
<var>${json}</var>
<arg>${ACCOUNT_DATA_FILE}</arg>
<doc>Returns the contents of a specified file.</doc>
<status status="PASS" start="2025-07-09T13:36:55.242501" elapsed="0.000457"/>
</kw>
<kw name="Evaluate" owner="BuiltIn">
<msg time="2025-07-09T13:36:55.243311" level="INFO">${account_data} = {'Name': 'Pears Corporation'}</msg>
<var>${account_data}</var>
<arg>json.loads('''${json}''')</arg>
<arg>json</arg>
<doc>Evaluates the given expression in Python and returns the result.</doc>
<status status="PASS" start="2025-07-09T13:36:55.243038" elapsed="0.000291"/>
</kw>
<kw name="Set Suite Variable" owner="BuiltIn">
<msg time="2025-07-09T13:36:55.243544" level="INFO">${ACCOUNT_DATA} = {'Name': 'Pears Corporation'}</msg>
<arg>${ACCOUNT_DATA}</arg>
<arg>${account_data}</arg>
<doc>Makes a variable available everywhere within the scope of the current suite.</doc>
<status status="PASS" start="2025-07-09T13:36:55.243410" elapsed="0.000162"/>
</kw>
<doc>Loads the account data from JSON file</doc>
<status status="PASS" start="2025-07-09T13:36:55.242385" elapsed="0.001227"/>
</kw>
<doc>Loads both access token and account data</doc>
<status status="PASS" start="2025-07-09T13:36:55.240222" elapsed="0.003422"/>
</kw>
<test id="s1-s3-s2-t1" name="Read Account And Validate Data" line="9">
<kw name="Create Account With Valid Data" owner="keyword">
<kw name="Create Dictionary" owner="BuiltIn">
<msg time="2025-07-09T13:36:55.244694" level="INFO">${headers} = {'Authorization': 'Bearer 00DgL000006I3IZ!AQEAQFMcQ8RA0rP2q4NzP_747aSJtC9xU5nRF52P_tw_dPEVAw0hUUSfBkniTmypFPFQRIMjrvHq6AD6ydaN4BiYyqDqHwpH', 'Content-Type': 'application/json'}</msg>
<var>${headers}</var>
<arg>Authorization=Bearer ${ACCESS_TOKEN}</arg>
<arg>Content-Type=application/json</arg>
<doc>Creates and returns a dictionary based on the given ``items``.</doc>
<status status="PASS" start="2025-07-09T13:36:55.244358" elapsed="0.000364"/>
</kw>
<kw name="Generate Random String" owner="keyword">
<kw name="Set Variable" owner="BuiltIn">
<msg time="2025-07-09T13:36:55.245340" level="INFO">${CHARS} = abcdefghijklmnopqrstuvwxyz0123456789</msg>
<var>${CHARS}</var>
<arg>abcdefghijklmnopqrstuvwxyz0123456789</arg>
<doc>Returns the given values which can then be assigned to a variables.</doc>
<status status="PASS" start="2025-07-09T13:36:55.245070" elapsed="0.000377"/>
</kw>
<kw name="Evaluate" owner="BuiltIn">
<msg time="2025-07-09T13:36:55.246056" level="INFO">${result} = dfhgt</msg>
<var>${result}</var>
<arg>''.join(random.choices('${CHARS}', k=${length}))</arg>
<arg>random</arg>
<doc>Evaluates the given expression in Python and returns the result.</doc>
<status status="PASS" start="2025-07-09T13:36:55.245725" elapsed="0.000345"/>
</kw>
<return>
<value>${result}</value>
<status status="PASS" start="2025-07-09T13:36:55.246104" elapsed="0.000033"/>
</return>
<msg time="2025-07-09T13:36:55.246193" level="INFO">${random} = dfhgt</msg>
<var>${random}</var>
<arg>5</arg>
<status status="PASS" start="2025-07-09T13:36:55.244805" elapsed="0.001396"/>
</kw>
<kw name="Create Dictionary" owner="BuiltIn">
<msg time="2025-07-09T13:36:55.246347" level="INFO">${data} = {'name': 'dfhgt Corporation'}</msg>
<var>${data}</var>
<arg>name=${random} Corporation</arg>
<doc>Creates and returns a dictionary based on the given ``items``.</doc>
<status status="PASS" start="2025-07-09T13:36:55.246252" elapsed="0.000105"/>
</kw>
<kw name="POST" owner="RequestsLibrary">
<msg time="2025-07-09T13:36:55.904999" level="INFO">POST Request : url=https://orgfarm-2acc2d9727-dev-ed.develop.my.salesforce.com/services/data/v62.0/sobjects/Account/ 
 path_url=/services/data/v62.0/sobjects/Account/ 
 headers={'User-Agent': 'python-requests/2.32.4', 'Accept-Encoding': 'gzip, deflate', 'Accept': '*/*', 'Connection': 'keep-alive', 'Authorization': 'Bearer 00DgL000006I3IZ!AQEAQFMcQ8RA0rP2q4NzP_747aSJtC9xU5nRF52P_tw_dPEVAw0hUUSfBkniTmypFPFQRIMjrvHq6AD6ydaN4BiYyqDqHwpH', 'Content-Type': 'application/json', 'Content-Length': '29'} 
 body=b'{"name": "dfhgt Corporation"}' 
 </msg>
<msg time="2025-07-09T13:36:55.905198" level="INFO">POST Response : url=https://orgfarm-2acc2d9727-dev-ed.develop.my.salesforce.com/services/data/v62.0/sobjects/Account/ 
 status=201, reason=Created 
 headers={'Date': 'Wed, 09 Jul 2025 08:06:55 GMT', 'Content-Type': 'application/json;charset=UTF-8', 'Transfer-Encoding': 'chunked', 'Connection': 'keep-alive', 'Location': '/services/data/v62.0/sobjects/Account/001gL00000DPKX8QAP', 'Vary': 'Accept-Encoding', 'Strict-Transport-Security': 'max-age=63072000; includeSubDomains', 'Content-Encoding': 'gzip', 'Sforce-Limit-Info': 'api-usage=35/15000', 'X-Robots-Tag': 'none', 'Set-Cookie': 'CookieConsentPolicy=0:1; path=/; expires=Thu, 09-Jul-2026 08:06:55 GMT; Max-Age=31536000; secure, LSKey-c$CookieConsentPolicy=0:1; path=/; expires=Thu, 09-Jul-2026 08:06:55 GMT; Max-Age=31536000; secure, BrowserId=requ3VybEfCVjquoHgxMzw; domain=.salesforce.com; path=/; expires=Thu, 09-Jul-2026 08:06:55 GMT; Max-Age=31536000; secure; SameSite=None', 'Cache-Control': 'no-cache,must-revalidate,max-age=0,no-store,private', 'X-Content-Type-Options': 'nosniff', 'Server': 'sfdcedge', 'X-SFDC-Request-Id': 'b5d4d354e4612b6d686c7fbae4de4bcf', 'X-Request-Id': 'b5d4d354e4612b6d686c7fbae4de4bcf'} 
 body={"id":"001gL00000DPKX8QAP","success":true,"errors":[]} 
 </msg>
<msg time="2025-07-09T13:36:55.905472" level="INFO">${resp} = &lt;Response [201]&gt;</msg>
<var>${resp}</var>
<arg>${INSTANCE_URL}/services/data/${API_VERSION}/sobjects/Account/</arg>
<arg>headers=${headers}</arg>
<arg>json=${data}</arg>
<doc>Sends a POST request.</doc>
<status status="PASS" start="2025-07-09T13:36:55.246393" elapsed="0.659136"/>
</kw>
<kw name="Should Be Equal As Integers" owner="BuiltIn">
<msg time="2025-07-09T13:36:55.906763" level="INFO">Argument types are:
&lt;class 'int'&gt;
&lt;class 'str'&gt;</msg>
<arg>${resp.status_code}</arg>
<arg>201</arg>
<doc>Fails if objects are unequal after converting them to integers.</doc>
<status status="PASS" start="2025-07-09T13:36:55.905861" elapsed="0.000983"/>
</kw>
<kw name="Set Variable" owner="BuiltIn">
<msg time="2025-07-09T13:36:55.907715" level="INFO">${account_id} = 001gL00000DPKX8QAP</msg>
<var>${account_id}</var>
<arg>${resp.json()['id']}</arg>
<doc>Returns the given values which can then be assigned to a variables.</doc>
<status status="PASS" start="2025-07-09T13:36:55.907005" elapsed="0.000743"/>
</kw>
<kw name="Set Suite Variable" owner="BuiltIn">
<msg time="2025-07-09T13:36:55.908125" level="INFO">${account_id} = 001gL00000DPKX8QAP</msg>
<arg>${account_id}</arg>
<doc>Makes a variable available everywhere within the scope of the current suite.</doc>
<status status="PASS" start="2025-07-09T13:36:55.907908" elapsed="0.000257"/>
</kw>
<return>
<value>${account_id}</value>
<status status="PASS" start="2025-07-09T13:36:55.908210" elapsed="0.000035"/>
</return>
<kw name="Log To Console" owner="BuiltIn">
<arg>${resp}</arg>
<doc>Logs the given message to the console.</doc>
<status status="NOT RUN" start="2025-07-09T13:36:55.908350" elapsed="0.000018"/>
</kw>
<kw name="Log To Console" owner="BuiltIn">
<arg>${resp.text}</arg>
<doc>Logs the given message to the console.</doc>
<status status="NOT RUN" start="2025-07-09T13:36:55.908450" elapsed="0.000017"/>
</kw>
<msg time="2025-07-09T13:36:55.908581" level="INFO">${account_id} = 001gL00000DPKX8QAP</msg>
<var>${account_id}</var>
<status status="PASS" start="2025-07-09T13:36:55.244200" elapsed="0.664404"/>
</kw>
<kw name="Create Dictionary" owner="BuiltIn">
<msg time="2025-07-09T13:36:55.909002" level="INFO">${headers} = {'Authorization': 'Bearer 00DgL000006I3IZ!AQEAQFMcQ8RA0rP2q4NzP_747aSJtC9xU5nRF52P_tw_dPEVAw0hUUSfBkniTmypFPFQRIMjrvHq6AD6ydaN4BiYyqDqHwpH'}</msg>
<var>${headers}</var>
<arg>Authorization=Bearer ${ACCESS_TOKEN}</arg>
<doc>Creates and returns a dictionary based on the given ``items``.</doc>
<status status="PASS" start="2025-07-09T13:36:55.908779" elapsed="0.000248"/>
</kw>
<kw name="GET" owner="RequestsLibrary">
<msg time="2025-07-09T13:36:56.416433" level="INFO">GET Request : url=https://orgfarm-2acc2d9727-dev-ed.develop.my.salesforce.com/services/data/v62.0/sobjects/Account/001gL00000DPKX8QAP 
 path_url=/services/data/v62.0/sobjects/Account/001gL00000DPKX8QAP 
 headers={'User-Agent': 'python-requests/2.32.4', 'Accept-Encoding': 'gzip, deflate', 'Accept': '*/*', 'Connection': 'keep-alive', 'Authorization': 'Bearer 00DgL000006I3IZ!AQEAQFMcQ8RA0rP2q4NzP_747aSJtC9xU5nRF52P_tw_dPEVAw0hUUSfBkniTmypFPFQRIMjrvHq6AD6ydaN4BiYyqDqHwpH'} 
 body=None 
 </msg>
<msg time="2025-07-09T13:36:56.416672" level="INFO">GET Response : url=https://orgfarm-2acc2d9727-dev-ed.develop.my.salesforce.com/services/data/v62.0/sobjects/Account/001gL00000DPKX8QAP 
 status=200, reason=OK 
 headers={'Date': 'Wed, 09 Jul 2025 08:06:56 GMT', 'Content-Type': 'application/json;charset=UTF-8', 'Transfer-Encoding': 'chunked', 'Connection': 'keep-alive', 'Set-Cookie': 'CookieConsentPolicy=0:1; path=/; expires=Thu, 09-Jul-2026 08:06:56 GMT; Max-Age=31536000; secure, LSKey-c$CookieConsentPolicy=0:1; path=/; expires=Thu, 09-Jul-2026 08:06:56 GMT; Max-Age=31536000; secure, BrowserId=rklwBlybEfCm5j398XKfIw; domain=.salesforce.com; path=/; expires=Thu, 09-Jul-2026 08:06:56 GMT; Max-Age=31536000; secure; SameSite=None', 'X-Content-Type-Options': 'nosniff', 'Strict-Transport-Security': 'max-age=63072000; includeSubDomains', 'X-Robots-Tag': 'none', 'Cache-Control': 'no-cache,must-revalidate,max-age=0,no-store,private', 'Sforce-Limit-Info': 'api-usage=37/15000', 'ETag': '"gTI7lF2oYMlDxM+gTW1a62nzqxfxxihRqAygUNh9DPs=--gzip"', 'Last-Modified': 'Wed, 09 Jul 2025 08:06:55 GMT', 'Vary': 'Accept-Encoding', 'Content-Encoding': 'gzip', 'Server': 'sfdcedge', 'X-SFDC-Request-Id': '1c2b3337401cf8dda6c70d26ac9e47ec', 'X-Request-Id': '1c2b3337401cf8dda6c70d26ac9e47ec', 'X-SFDC-Edge-Cache': 'MISS'} 
 body={"attributes":{"type":"Account","url":"/services/data/v62.0/sobjects/Account/001gL00000DPKX8QAP"},"Id":"001gL00000DPKX8QAP","IsDeleted":false,"MasterRecordId":null,"Name":"dfhgt Corporation","Type":null,"ParentId":null,"BillingStreet":null,"BillingCity":null,"BillingState":null,"BillingPostalCode":null,"BillingCountry":null,"BillingStateCode":null,"BillingCountryCode":null,"BillingLatitude":null,"BillingLongitude":null,"BillingGeocodeAccuracy":null,"BillingAddress":null,"ShippingStreet":null,"ShippingCity":null,"ShippingState":null,"ShippingPostalCode":null,"ShippingCountry":null,"ShippingStateCode":null,"ShippingCountryCode":null,"ShippingLatitude":null,"ShippingLongitude":null,"ShippingGeocodeAccuracy":null,"ShippingAddress":null,"Phone":null,"Fax":null,"AccountNumber":null,"Website":null,"PhotoUrl":"/services/images/photo/001gL00000DPKX8QAP","Sic":null,"Industry":null,"AnnualRevenue":null,"NumberOfEmployees":null,"Ownership":null,"TickerSymbol":null,"Description":null,"Rating":null,"Site":null,"OwnerId":"005gL000004TfrtQAC","CreatedDate":"2025-07-09T08:06:55.000+0000","CreatedById":"005gL000004TfrtQAC","LastModifiedDate":"2025-07-09T08:06:55.000+0000","LastModifiedById":"005gL000004TfrtQAC","SystemModstamp":"2025-07-09T08:06:55.000+0000","LastActivityDate":null,"LastViewedDate":"2025-07-09T08:06:55.000+0000","LastReferencedDate":"2025-07-09T08:06:55.000+0000","Jigsaw":null,"JigsawCompanyId":null,"CleanStatus":"Pending","AccountSource":null,"DunsNumber":null,"Tradestyle":null,"NaicsCode":null,"NaicsDesc":null,"YearStarted":null,"SicDesc":null,"DandbCompanyId":null,"OperatingHoursId":null,"CustomerPriority__c":null,"SLA__c":null,"Active__c":null,"NumberofLocations__c":null,"UpsellOpportunity__c":null,"SLASerialNumber__c":null,"SLAExpirationDate__c":null} 
 </msg>
<msg time="2025-07-09T13:36:56.417173" level="INFO">${resp} = &lt;Response [200]&gt;</msg>
<var>${resp}</var>
<arg>${INSTANCE_URL}/services/data/${API_VERSION}/sobjects/Account/${account_id}</arg>
<arg>headers=${headers}</arg>
<doc>Sends a GET request.</doc>
<status status="PASS" start="2025-07-09T13:36:55.909188" elapsed="0.508036"/>
</kw>
<kw name="Should Be Equal As Integers" owner="BuiltIn">
<msg time="2025-07-09T13:36:56.418629" level="INFO">Argument types are:
&lt;class 'int'&gt;
&lt;class 'str'&gt;</msg>
<arg>${resp.status_code}</arg>
<arg>200</arg>
<doc>Fails if objects are unequal after converting them to integers.</doc>
<status status="PASS" start="2025-07-09T13:36:56.417685" elapsed="0.001017"/>
</kw>
<kw name="To Json" owner="RequestsLibrary">
<msg time="2025-07-09T13:36:56.418984" level="WARN">Keyword 'RequestsLibrary.To Json' is deprecated. Please use ${resp.json()} instead. Have a look at the improved HTML output as pretty printing replacement.</msg>
<msg time="2025-07-09T13:36:56.427955" level="INFO">To JSON using : content={"attributes":{"type":"Account","url":"/services/data/v62.0/sobjects/Account/001gL00000DPKX8QAP"},"Id":"001gL00000DPKX8QAP","IsDeleted":false,"MasterRecordId":null,"Name":"dfhgt Corporation","Type":null,"ParentId":null,"BillingStreet":null,"BillingCity":null,"BillingState":null,"BillingPostalCode":null,"BillingCountry":null,"BillingStateCode":null,"BillingCountryCode":null,"BillingLatitude":null,"BillingLongitude":null,"BillingGeocodeAccuracy":null,"BillingAddress":null,"ShippingStreet":null,"ShippingCity":null,"ShippingState":null,"ShippingPostalCode":null,"ShippingCountry":null,"ShippingStateCode":null,"ShippingCountryCode":null,"ShippingLatitude":null,"ShippingLongitude":null,"ShippingGeocodeAccuracy":null,"ShippingAddress":null,"Phone":null,"Fax":null,"AccountNumber":null,"Website":null,"PhotoUrl":"/services/images/photo/001gL00000DPKX8QAP","Sic":null,"Industry":null,"AnnualRevenue":null,"NumberOfEmployees":null,"Ownership":null,"TickerSymbol":null,"Description":null,"Rating":null,"Site":null,"OwnerId":"005gL000004TfrtQAC","CreatedDate":"2025-07-09T08:06:55.000+0000","CreatedById":"005gL000004TfrtQAC","LastModifiedDate":"2025-07-09T08:06:55.000+0000","LastModifiedById":"005gL000004TfrtQAC","SystemModstamp":"2025-07-09T08:06:55.000+0000","LastActivityDate":null,"LastViewedDate":"2025-07-09T08:06:55.000+0000","LastReferencedDate":"2025-07-09T08:06:55.000+0000","Jigsaw":null,"JigsawCompanyId":null,"CleanStatus":"Pending","AccountSource":null,"DunsNumber":null,"Tradestyle":null,"NaicsCode":null,"NaicsDesc":null,"YearStarted":null,"SicDesc":null,"DandbCompanyId":null,"OperatingHoursId":null,"CustomerPriority__c":null,"SLA__c":null,"Active__c":null,"NumberofLocations__c":null,"UpsellOpportunity__c":null,"SLASerialNumber__c":null,"SLAExpirationDate__c":null} </msg>
<msg time="2025-07-09T13:36:56.428009" level="INFO">To JSON using : pretty_print=False </msg>
<msg time="2025-07-09T13:36:56.428113" level="INFO">${account} = {'attributes': {'type': 'Account', 'url': '/services/data/v62.0/sobjects/Account/001gL00000DPKX8QAP'}, 'Id': '001gL00000DPKX8QAP', 'IsDeleted': False, 'MasterRecordId': None, 'Name': 'dfhgt Corporatio...</msg>
<var>${account}</var>
<arg>${resp.content}</arg>
<doc>*DEPRECATED* Please use ${resp.json()} instead. Have a look at the improved HTML output as pretty printing replacement.</doc>
<status status="PASS" start="2025-07-09T13:36:56.418944" elapsed="0.009195"/>
</kw>
<kw name="Should Be Equal" owner="BuiltIn">
<arg>${account['Id']}</arg>
<arg>${account_id}</arg>
<doc>Fails if the given objects are unequal.</doc>
<status status="PASS" start="2025-07-09T13:36:56.428386" elapsed="0.000617"/>
</kw>
<kw name="Log To Console" owner="BuiltIn">
<arg>${resp}</arg>
<doc>Logs the given message to the console.</doc>
<status status="PASS" start="2025-07-09T13:36:56.429174" elapsed="0.000162"/>
</kw>
<kw name="Log To Console" owner="BuiltIn">
<arg>${resp.text}</arg>
<doc>Logs the given message to the console.</doc>
<status status="PASS" start="2025-07-09T13:36:56.429454" elapsed="0.000487"/>
</kw>
<tag>regression</tag>
<tag>smoke</tag>
<status status="PASS" start="2025-07-09T13:36:55.243697" elapsed="1.186370"/>
</test>
<status status="PASS" start="2025-07-09T13:36:55.235131" elapsed="1.195205"/>
</suite>
[...]
<arg>${update_data['${key}']}</arg>
<doc>Fails if the given objects are unequal.</doc>
<status status="PASS" start="2025-07-09T13:36:58.532306" elapsed="0.000256"/>
</kw>
<arg>'${key}' in ['AnnualRevenue', 'NumberOfEmployees']</arg>
<arg>Should Be Equal As Numbers</arg>
<arg>${account['${key}']}</arg>
<arg>${update_data['${key}']}</arg>
<arg>ELSE</arg>
<arg>Should Be Equal</arg>
<arg>${account['${key}']}</arg>
<arg>${update_data['${key}']}</arg>
<doc>Runs the given keyword with the given arguments, if ``condition`` is true.</doc>
<status status="PASS" start="2025-07-09T13:36:58.532236" elapsed="0.000343"/>
</kw>
<var name="${key}">Industry</var>
<status status="PASS" start="2025-07-09T13:36:58.532208" elapsed="0.000385"/>
</iter>
<iter>
<kw name="Run Keyword If" owner="BuiltIn">
<kw name="Should Be Equal" owner="BuiltIn">
<arg>${account['${key}']}</arg>
<arg>${update_data['${key}']}</arg>
<doc>Fails if the given objects are unequal.</doc>
<status status="PASS" start="2025-07-09T13:36:58.532713" elapsed="0.000243"/>
</kw>
<arg>'${key}' in ['AnnualRevenue', 'NumberOfEmployees']</arg>
<arg>Should Be Equal As Numbers</arg>
<arg>${account['${key}']}</arg>
<arg>${update_data['${key}']}</arg>
<arg>ELSE</arg>
<arg>Should Be Equal</arg>
<arg>${account['${key}']}</arg>
<arg>${update_data['${key}']}</arg>
<doc>Runs the given keyword with the given arguments, if ``condition`` is true.</doc>
<status status="PASS" start="2025-07-09T13:36:58.532646" elapsed="0.000326"/>
</kw>
<var name="${key}">BillingStreet</var>
<status status="PASS" start="2025-07-09T13:36:58.532619" elapsed="0.000368"/>
</iter>
<iter>
<kw name="Run Keyword If" owner="BuiltIn">
<kw name="Should Be Equal" owner="BuiltIn">
<arg>${account['${key}']}</arg>
<arg>${update_data['${key}']}</arg>
<doc>Fails if the given objects are unequal.</doc>
<status status="PASS" start="2025-07-09T13:36:58.533103" elapsed="0.000245"/>
</kw>
<arg>'${key}' in ['AnnualRevenue', 'NumberOfEmployees']</arg>
<arg>Should Be Equal As Numbers</arg>
<arg>${account['${key}']}</arg>
<arg>${update_data['${key}']}</arg>
<arg>ELSE</arg>
<arg>Should Be Equal</arg>
<arg>${account['${key}']}</arg>
<arg>${update_data['${key}']}</arg>
<doc>Runs the given keyword with the given arguments, if ``condition`` is true.</doc>
<status status="PASS" start="2025-07-09T13:36:58.533039" elapsed="0.000325"/>
</kw>
<var name="${key}">BillingCity</var>
<status status="PASS" start="2025-07-09T13:36:58.533011" elapsed="0.000367"/>
</iter>
<iter>
<kw name="Run Keyword If" owner="BuiltIn">
<kw name="Should Be Equal" owner="BuiltIn">
<arg>${account['${key}']}</arg>
<arg>${update_data['${key}']}</arg>
<doc>Fails if the given objects are unequal.</doc>
<status status="PASS" start="2025-07-09T13:36:58.533501" elapsed="0.000246"/>
</kw>
<arg>'${key}' in ['AnnualRevenue', 'NumberOfEmployees']</arg>
<arg>Should Be Equal As Numbers</arg>
<arg>${account['${key}']}</arg>
<arg>${update_data['${key}']}</arg>
<arg>ELSE</arg>
<arg>Should Be Equal</arg>
<arg>${account['${key}']}</arg>
<arg>${update_data['${key}']}</arg>
<doc>Runs the given keyword with the given arguments, if ``condition`` is true.</doc>
<status status="PASS" start="2025-07-09T13:36:58.533435" elapsed="0.000328"/>
</kw>
<var name="${key}">BillingState</var>
<status status="PASS" start="2025-07-09T13:36:58.533402" elapsed="0.000376"/>
</iter>
<iter>
<kw name="Run Keyword If" owner="BuiltIn">
<kw name="Should Be Equal" owner="BuiltIn">
<arg>${account['${key}']}</arg>
<arg>${update_data['${key}']}</arg>
<doc>Fails if the given objects are unequal.</doc>
<status status="PASS" start="2025-07-09T13:36:58.533892" elapsed="0.000237"/>
</kw>
<arg>'${key}' in ['AnnualRevenue', 'NumberOfEmployees']</arg>
<arg>Should Be Equal As Numbers</arg>
<arg>${account['${key}']}</arg>
<arg>${update_data['${key}']}</arg>
<arg>ELSE</arg>
<arg>Should Be Equal</arg>
<arg>${account['${key}']}</arg>
<arg>${update_data['${key}']}</arg>
<doc>Runs the given keyword with the given arguments, if ``condition`` is true.</doc>
<status status="PASS" start="2025-07-09T13:36:58.533829" elapsed="0.000317"/>
</kw>
<var name="${key}">BillingPostalCode</var>
<status status="PASS" start="2025-07-09T13:36:58.533802" elapsed="0.000358"/>
</iter>
<iter>
<kw name="Run Keyword If" owner="BuiltIn">
<kw name="Should Be Equal" owner="BuiltIn">
<arg>${account['${key}']}</arg>
<arg>${update_data['${key}']}</arg>
<doc>Fails if the given objects are unequal.</doc>
<status status="PASS" start="2025-07-09T13:36:58.534273" elapsed="0.000231"/>
</kw>
<arg>'${key}' in ['AnnualRevenue', 'NumberOfEmployees']</arg>
<arg>Should Be Equal As Numbers</arg>
<arg>${account['${key}']}</arg>
<arg>${update_data['${key}']}</arg>
<arg>ELSE</arg>
<arg>Should Be Equal</arg>
<arg>${account['${key}']}</arg>
<arg>${update_data['${key}']}</arg>
<doc>Runs the given keyword with the given arguments, if ``condition`` is true.</doc>
<status status="PASS" start="2025-07-09T13:36:58.534210" elapsed="0.000334"/>
</kw>
<var name="${key}">BillingCountry</var>
<status status="PASS" start="2025-07-09T13:36:58.534184" elapsed="0.000375"/>
</iter>
<iter>
<kw name="Run Keyword If" owner="BuiltIn">
<kw name="Should Be Equal" owner="BuiltIn">
<arg>${account['${key}']}</arg>
<arg>${update_data['${key}']}</arg>
<doc>Fails if the given objects are unequal.</doc>
<status status="PASS" start="2025-07-09T13:36:58.534677" elapsed="0.000238"/>
</kw>
<arg>'${key}' in ['AnnualRevenue', 'NumberOfEmployees']</arg>
<arg>Should Be Equal As Numbers</arg>
<arg>${account['${key}']}</arg>
<arg>${update_data['${key}']}</arg>
<arg>ELSE</arg>
<arg>Should Be Equal</arg>
<arg>${account['${key}']}</arg>
<arg>${update_data['${key}']}</arg>
<doc>Runs the given keyword with the given arguments, if ``condition`` is true.</doc>
<status status="PASS" start="2025-07-09T13:36:58.534613" elapsed="0.000319"/>
</kw>
<var name="${key}">ShippingStreet</var>
<status status="PASS" start="2025-07-09T13:36:58.534585" elapsed="0.000362"/>
</iter>
<iter>
<kw name="Run Keyword If" owner="BuiltIn">
<kw name="Should Be Equal" owner="BuiltIn">
<arg>${account['${key}']}</arg>
<arg>${update_data['${key}']}</arg>
<doc>Fails if the given objects are unequal.</doc>
<status status="PASS" start="2025-07-09T13:36:58.535062" elapsed="0.000243"/>
</kw>
<arg>'${key}' in ['AnnualRevenue', 'NumberOfEmployees']</arg>
<arg>Should Be Equal As Numbers</arg>
<arg>${account['${key}']}</arg>
<arg>${update_data['${key}']}</arg>
<arg>ELSE</arg>
<arg>Should Be Equal</arg>
<arg>${account['${key}']}</arg>
<arg>${update_data['${key}']}</arg>
<doc>Runs the given keyword with the given arguments, if ``condition`` is true.</doc>
<status status="PASS" start="2025-07-09T13:36:58.534999" elapsed="0.000322"/>
</kw>
<var name="${key}">ShippingCity</var>
<status status="PASS" start="2025-07-09T13:36:58.534972" elapsed="0.000363"/>
</iter>
<iter>
<kw name="Run Keyword If" owner="BuiltIn">
<kw name="Should Be Equal" owner="BuiltIn">
<arg>${account['${key}']}</arg>
<arg>${update_data['${key}']}</arg>
<doc>Fails if the given objects are unequal.</doc>
<status status="PASS" start="2025-07-09T13:36:58.535448" elapsed="0.000239"/>
</kw>
<arg>'${key}' in ['AnnualRevenue', 'NumberOfEmployees']</arg>
<arg>Should Be Equal As Numbers</arg>
<arg>${account['${key}']}</arg>
<arg>${update_data['${key}']}</arg>
<arg>ELSE</arg>
<arg>Should Be Equal</arg>
<arg>${account['${key}']}</arg>
<arg>${update_data['${key}']}</arg>
<doc>Runs the given keyword with the given arguments, if ``condition`` is true.</doc>
<status status="PASS" start="2025-07-09T13:36:58.535386" elapsed="0.000317"/>
</kw>
<var name="${key}">ShippingState</var>
<status status="PASS" start="2025-07-09T13:36:58.535359" elapsed="0.000358"/>
</iter>
<iter>
<kw name="Run Keyword If" owner="BuiltIn">
<kw name="Should Be Equal" owner="BuiltIn">
<arg>${account['${key}']}</arg>
<arg>${update_data['${key}']}</arg>
<doc>Fails if the given objects are unequal.</doc>
<status status="PASS" start="2025-07-09T13:36:58.535830" elapsed="0.000232"/>
</kw>
<arg>'${key}' in ['AnnualRevenue', 'NumberOfEmployees']</arg>
<arg>Should Be Equal As Numbers</arg>
<arg>${account['${key}']}</arg>
<arg>${update_data['${key}']}</arg>
<arg>ELSE</arg>
<arg>Should Be Equal</arg>
<arg>${account['${key}']}</arg>
<arg>${update_data['${key}']}</arg>
<doc>Runs the given keyword with the given arguments, if ``condition`` is true.</doc>
<status status="PASS" start="2025-07-09T13:36:58.535768" elapsed="0.000310"/>
</kw>
<var name="${key}">ShippingPostalCode</var>
<status status="PASS" start="2025-07-09T13:36:58.535741" elapsed="0.000351"/>
</iter>
<iter>
<kw name="Run Keyword If" owner="BuiltIn">
<kw name="Should Be Equal" owner="BuiltIn">
<arg>${account['${key}']}</arg>
<arg>${update_data['${key}']}</arg>
<doc>Fails if the given objects are unequal.</doc>
<status status="PASS" start="2025-07-09T13:36:58.536205" elapsed="0.000235"/>
</kw>
<arg>'${key}' in ['AnnualRevenue', 'NumberOfEmployees']</arg>
<arg>Should Be Equal As Numbers</arg>
<arg>${account['${key}']}</arg>
<arg>${update_data['${key}']}</arg>
<arg>ELSE</arg>
<arg>Should Be Equal</arg>
<arg>${account['${key}']}</arg>
<arg>${update_data['${key}']}</arg>
<doc>Runs the given keyword with the given arguments, if ``condition`` is true.</doc>
<status status="PASS" start="2025-07-09T13:36:58.536143" elapsed="0.000313"/>
</kw>
<var name="${key}">ShippingCountry</var>
<status status="PASS" start="2025-07-09T13:36:58.536116" elapsed="0.000354"/>
</iter>
<iter>
<kw name="Run Keyword If" owner="BuiltIn">
<kw name="Should Be Equal" owner="BuiltIn">
<arg>${account['${key}']}</arg>
<arg>${update_data['${key}']}</arg>
<doc>Fails if the given objects are unequal.</doc>
<status status="PASS" start="2025-07-09T13:36:58.536582" elapsed="0.000235"/>
</kw>
<arg>'${key}' in ['AnnualRevenue', 'NumberOfEmployees']</arg>
<arg>Should Be Equal As Numbers</arg>
<arg>${account['${key}']}</arg>
<arg>${update_data['${key}']}</arg>
<arg>ELSE</arg>
<arg>Should Be Equal</arg>
<arg>${account['${key}']}</arg>
<arg>${update_data['${key}']}</arg>
<doc>Runs the given keyword with the given arguments, if ``condition`` is true.</doc>
<status status="PASS" start="2025-07-09T13:36:58.536520" elapsed="0.000313"/>
</kw>
<var name="${key}">Description</var>
<status status="PASS" start="2025-07-09T13:36:58.536494" elapsed="0.000353"/>
</iter>
<iter>
<kw name="Run Keyword If" owner="BuiltIn">
<kw name="Should Be Equal" owner="BuiltIn">
<arg>${account['${key}']}</arg>
<arg>${update_data['${key}']}</arg>
<doc>Fails if the given objects are unequal.</doc>
<status status="PASS" start="2025-07-09T13:36:58.536961" elapsed="0.000258"/>
</kw>
<arg>'${key}' in ['AnnualRevenue', 'NumberOfEmployees']</arg>
<arg>Should Be Equal As Numbers</arg>
<arg>${account['${key}']}</arg>
<arg>${update_data['${key}']}</arg>
<arg>ELSE</arg>
<arg>Should Be Equal</arg>
<arg>${account['${key}']}</arg>
<arg>${update_data['${key}']}</arg>
<doc>Runs the given keyword with the given arguments, if ``condition`` is true.</doc>
<status status="PASS" start="2025-07-09T13:36:58.536898" elapsed="0.000337"/>
</kw>
<var name="${key}">SLA__c</var>
<status status="PASS" start="2025-07-09T13:36:58.536871" elapsed="0.000378"/>
</iter>
<iter>
<kw name="Run Keyword If" owner="BuiltIn">
<kw name="Should Be Equal" owner="BuiltIn">
<arg>${account['${key}']}</arg>
<arg>${update_data['${key}']}</arg>
<doc>Fails if the given objects are unequal.</doc>
<status status="PASS" start="2025-07-09T13:36:58.537362" elapsed="0.000240"/>
</kw>
<arg>'${key}' in ['AnnualRevenue', 'NumberOfEmployees']</arg>
<arg>Should Be Equal As Numbers</arg>
<arg>${account['${key}']}</arg>
<arg>${update_data['${key}']}</arg>
<arg>ELSE</arg>
<arg>Should Be Equal</arg>
<arg>${account['${key}']}</arg>
<arg>${update_data['${key}']}</arg>
<doc>Runs the given keyword with the given arguments, if ``condition`` is true.</doc>
<status status="PASS" start="2025-07-09T13:36:58.537300" elapsed="0.000318"/>
</kw>
<var name="${key}">SLAExpirationDate__c</var>
<status status="PASS" start="2025-07-09T13:36:58.537273" elapsed="0.000359"/>
</iter>
<iter>
<kw name="Run Keyword If" owner="BuiltIn">
<kw name="Should Be Equal" owner="BuiltIn">
<arg>${account['${key}']}</arg>
<arg>${update_data['${key}']}</arg>
<doc>Fails if the given objects are unequal.</doc>
<status status="PASS" start="2025-07-09T13:36:58.537748" elapsed="0.000233"/>
</kw>
<arg>'${key}' in ['AnnualRevenue', 'NumberOfEmployees']</arg>
<arg>Should Be Equal As Numbers</arg>
<arg>${account['${key}']}</arg>
<arg>${update_data['${key}']}</arg>
<arg>ELSE</arg>
<arg>Should Be Equal</arg>
<arg>${account['${key}']}</arg>
<arg>${update_data['${key}']}</arg>
<doc>Runs the given keyword with the given arguments, if ``condition`` is true.</doc>
<status status="PASS" start="2025-07-09T13:36:58.537684" elapsed="0.000313"/>
</kw>
<var name="${key}">SLASerialNumber__c</var>
<status status="PASS" start="2025-07-09T13:36:58.537657" elapsed="0.000371"/>
</iter>
<iter>
<kw name="Run Keyword If" owner="BuiltIn">
<kw name="Should Be Equal" owner="BuiltIn">
<arg>${account['${key}']}</arg>
<arg>${update_data['${key}']}</arg>
<doc>Fails if the given objects are unequal.</doc>
<status status="PASS" start="2025-07-09T13:36:58.538148" elapsed="0.000258"/>
</kw>
<arg>'${key}' in ['AnnualRevenue', 'NumberOfEmployees']</arg>
<arg>Should Be Equal As Numbers</arg>
<arg>${account['${key}']}</arg>
<arg>${update_data['${key}']}</arg>
<arg>ELSE</arg>
<arg>Should Be Equal</arg>
<arg>${account['${key}']}</arg>
<arg>${update_data['${key}']}</arg>
<doc>Runs the given keyword with the given arguments, if ``condition`` is true.</doc>
<status status="PASS" start="2025-07-09T13:36:58.538084" elapsed="0.000339"/>
</kw>
<var name="${key}">Active__c</var>
<status status="PASS" start="2025-07-09T13:36:58.538055" elapsed="0.000382"/>
</iter>
<iter>
<kw name="Run Keyword If" owner="BuiltIn">
<kw name="Should Be Equal" owner="BuiltIn">
<arg>${account['${key}']}</arg>
<arg>${update_data['${key}']}</arg>
<doc>Fails if the given objects are unequal.</doc>
<status status="PASS" start="2025-07-09T13:36:58.538551" elapsed="0.000238"/>
</kw>
<arg>'${key}' in ['AnnualRevenue', 'NumberOfEmployees']</arg>
<arg>Should Be Equal As Numbers</arg>
<arg>${account['${key}']}</arg>
<arg>${update_data['${key}']}</arg>
<arg>ELSE</arg>
<arg>Should Be Equal</arg>
<arg>${account['${key}']}</arg>
<arg>${update_data['${key}']}</arg>
<doc>Runs the given keyword with the given arguments, if ``condition`` is true.</doc>
<status status="PASS" start="2025-07-09T13:36:58.538490" elapsed="0.000316"/>
</kw>
<var name="${key}">CustomerPriority__c</var>
<status status="PASS" start="2025-07-09T13:36:58.538462" elapsed="0.000358"/>
</iter>
<iter>
<kw name="Run Keyword If" owner="BuiltIn">
<kw name="Should Be Equal" owner="BuiltIn">
<arg>${account['${key}']}</arg>
<arg>${update_data['${key}']}</arg>
<doc>Fails if the given objects are unequal.</doc>
<status status="PASS" start="2025-07-09T13:36:58.538940" elapsed="0.000251"/>
</kw>
<arg>'${key}' in ['AnnualRevenue', 'NumberOfEmployees']</arg>
<arg>Should Be Equal As Numbers</arg>
<arg>${account['${key}']}</arg>
<arg>${update_data['${key}']}</arg>
<arg>ELSE</arg>
<arg>Should Be Equal</arg>
<arg>${account['${key}']}</arg>
<arg>${update_data['${key}']}</arg>
<doc>Runs the given keyword with the given arguments, if ``condition`` is true.</doc>
<status status="PASS" start="2025-07-09T13:36:58.538872" elapsed="0.000336"/>
</kw>
<var name="${key}">DunsNumber</var>
<status status="PASS" start="2025-07-09T13:36:58.538844" elapsed="0.000377"/>
</iter>
<iter>
<kw name="Run Keyword If" owner="BuiltIn">
<kw name="Should Be Equal" owner="BuiltIn">
<arg>${account['${key}']}</arg>
<arg>${update_data['${key}']}</arg>
<doc>Fails if the given objects are unequal.</doc>
<status status="PASS" start="2025-07-09T13:36:58.539334" elapsed="0.000254"/>
</kw>
<arg>'${key}' in ['AnnualRevenue', 'NumberOfEmployees']</arg>
<arg>Should Be Equal As Numbers</arg>
<arg>${account['${key}']}</arg>
<arg>${update_data['${key}']}</arg>
<arg>ELSE</arg>
<arg>Should Be Equal</arg>
<arg>${account['${key}']}</arg>
<arg>${update_data['${key}']}</arg>
<doc>Runs the given keyword with the given arguments, if ``condition`` is true.</doc>
<status status="PASS" start="2025-07-09T13:36:58.539272" elapsed="0.000333"/>
</kw>
<var name="${key}">Jigsaw</var>
<status status="PASS" start="2025-07-09T13:36:58.539245" elapsed="0.000374"/>
</iter>
<iter>
<kw name="Run Keyword If" owner="BuiltIn">
<kw name="Should Be Equal" owner="BuiltIn">
<arg>${account['${key}']}</arg>
<arg>${update_data['${key}']}</arg>
<doc>Fails if the given objects are unequal.</doc>
<status status="PASS" start="2025-07-09T13:36:58.539731" elapsed="0.000234"/>
</kw>
<arg>'${key}' in ['AnnualRevenue', 'NumberOfEmployees']</arg>
<arg>Should Be Equal As Numbers</arg>
<arg>${account['${key}']}</arg>
<arg>${update_data['${key}']}</arg>
<arg>ELSE</arg>
<arg>Should Be Equal</arg>
<arg>${account['${key}']}</arg>
<arg>${update_data['${key}']}</arg>
<doc>Runs the given keyword with the given arguments, if ``condition`` is true.</doc>
<status status="PASS" start="2025-07-09T13:36:58.539669" elapsed="0.000313"/>
</kw>
<var name="${key}">UpsellOpportunity__c</var>
<status status="PASS" start="2025-07-09T13:36:58.539643" elapsed="0.000352"/>
</iter>
<var>${key}</var>
<value>@{update_data.keys()}</value>
<status status="PASS" start="2025-07-09T13:36:58.519596" elapsed="0.020408"/>
</for>
<tag>regression</tag>
<tag>smoke</tag>
<status status="PASS" start="2025-07-09T13:36:56.942135" elapsed="1.597945"/>
</test>
<status status="PASS" start="2025-07-09T13:36:56.932894" elapsed="1.607298"/>
</suite>
<status status="PASS" start="2025-07-09T13:36:56.431108" elapsed="2.109276"/>
</suite>
<status status="FAIL" start="2025-07-09T13:36:50.596110" elapsed="7.944444"/>
</suite>
<statistics>
<total>
<stat pass="8" fail="1" skip="0">All Tests</stat>
</total>
<tag>
<stat pass="8" fail="1" skip="0">regression</stat>
<stat pass="4" fail="0" skip="0">smoke</stat>
</tag>
<suite>
<stat name="Sandbox Account" id="s1" pass="8" fail="1" skip="0">Sandbox Account</stat>
<stat name="Create" id="s1-s1" pass="2" fail="1" skip="0">Sandbox Account.Create</stat>
<stat name="Create Account" id="s1-s1-s1" pass="1" fail="0" skip="0">Sandbox Account.Create.Create Account</stat>
<stat name="Create Account Invalid Json" id="s1-s1-s2" pass="0" fail="1" skip="0">Sandbox Account.Create.Create Account Invalid Json</stat>
<stat name="Create Account With Invalid Fields" id="s1-s1-s3" pass="1" fail="0" skip="0">Sandbox Account.Create.Create Account With Invalid Fields</stat>
<stat name="Delete" id="s1-s2" pass="2" fail="0" skip="0">Sandbox Account.Delete</stat>
<stat name="Delete Account" id="s1-s2-s1" pass="1" fail="0" skip="0">Sandbox Account.Delete.Delete Account</stat>
<stat name="Delete Account With Invalid ID" id="s1-s2-s2" pass="1" fail="0" skip="0">Sandbox Account.Delete.Delete Account With Invalid ID</stat>
<stat name="Get" id="s1-s3" pass="2" fail="0" skip="0">Sandbox Account.Get</stat>
<stat name="Get Account Details By Invalid ID" id="s1-s3-s1" pass="1" fail="0" skip="0">Sandbox Account.Get.Get Account Details By Invalid ID</stat>
<stat name="Get Account Details By Valid ID" id="s1-s3-s2" pass="1" fail="0" skip="0">Sandbox Account.Get.Get Account Details By Valid ID</stat>
<stat name="Update" id="s1-s4" pass="2" fail="0" skip="0">Sandbox Account.Update</stat>
<stat name="Update Account With Invalid ID" id="s1-s4-s1" pass="1" fail="0" skip="0">Sandbox Account.Update.Update Account With Invalid ID</stat>
<stat name="Update Account With Multiple Fields" id="s1-s4-s2" pass="1" fail="0" skip="0">Sandbox Account.Update.Update Account With Multiple Fields</stat>
</suite>
</statistics>
<errors>
<msg time="2025-07-09T13:36:56.418984" level="WARN">Keyword 'RequestsLibrary.To Json' is deprecated. Please use ${resp.json()} instead. Have a look at the improved HTML output as pretty printing replacement.</msg>
</errors>
</robot>
