<?xml version="1.0" encoding="UTF-8"?>
<robot generator="Robot 7.3.1 (Python 3.13.5 on darwin)" generated="2025-06-28T16:50:09.471114" rpa="false" schemaversion="5">
<suite id="s1" name="Create New User" source="/Users/vivadivel/Desktop/gorest-api-framework/tests/gorest/Create/Create_New_User.robot">
<test id="s1-t1" name="Create New User" line="5">
<kw name="Create Valid User">
<msg time="2025-06-28T16:50:09.484634" level="FAIL">No keyword with name 'Create Valid User' found.</msg>
<var>${user_id}</var>
<status status="FAIL" start="2025-06-28T16:50:09.484618" elapsed="0.000042">No keyword with name 'Create Valid User' found.</status>
</kw>
<kw name="Log To Console" owner="BuiltIn">
<arg>Created user with ID: ${user_id}</arg>
<doc>Logs the given message to the console.</doc>
<status status="NOT RUN" start="2025-06-28T16:50:09.484734" elapsed="0.000011"/>
</kw>
<status status="FAIL" start="2025-06-28T16:50:09.484092" elapsed="0.000722">No keyword with name 'Create Valid User' found.</status>
</test>
<status status="FAIL" start="2025-06-28T16:50:09.471708" elapsed="0.013245"/>
</suite>
<statistics>
<total>
<stat pass="0" fail="1" skip="0">All Tests</stat>
</total>
<tag>
</tag>
<suite>
<stat name="Create New User" id="s1" pass="0" fail="1" skip="0">Create New User</stat>
</suite>
</statistics>
<errors>
<msg time="2025-06-28T16:50:09.483901" level="ERROR">Error in file '/Users/vivadivel/Desktop/gorest-api-framework/tests/gorest/Create/Create_New_User.robot' on line 2: Resource file 'keywords.robot' does not exist.</msg>
</errors>
</robot>
