<?xml version="1.0" encoding="UTF-8"?>
<robot generator="Robot 7.3.1 (Python 3.13.5 on darwin)" generated="2025-07-03T13:16:51.388785" rpa="false" schemaversion="5">
<suite id="s1" name="Access With Invalid Token" source="/Users/vivadivel/Desktop/gorest-api-framework/tests/gorest/Create/Access_With_Invalid_Token.robot">
<test id="s1-t1" name="Access With Invalid Token" line="6">
<kw name="Create Dictionary" owner="BuiltIn">
<msg time="2025-07-03T13:16:51.560685" level="INFO">${headers} = {'Authorization': 'Bearer invalidtoken'}</msg>
<var>${headers}</var>
<arg>Authorization=Bearer invalidtoken</arg>
<doc>Creates and returns a dictionary based on the given ``items``.</doc>
<status status="PASS" start="2025-07-03T13:16:51.560583" elapsed="0.000121"/>
</kw>
<kw name="Create Session" owner="RequestsLibrary">
<msg time="2025-07-03T13:16:51.560884" level="INFO">Creating Session using : alias=gorest, url=https://gorest.co.in/public/v2, headers={'Authorization': 'Bearer invalidtoken'},                     cookies={}, auth=None, timeout=None, proxies=None, verify=False,                     debug=0 </msg>
<arg>gorest</arg>
<arg>${BASE_URL}</arg>
<arg>headers=${headers}</arg>
<doc>Create Session: create a HTTP session to a server</doc>
<status status="PASS" start="2025-07-03T13:16:51.560780" elapsed="0.000197"/>
</kw>
<kw name="GET On Session" owner="RequestsLibrary">
<msg time="2025-07-03T13:16:52.679145" level="INFO">GET Request : url=https://gorest.co.in/public/v2/users 
 path_url=/public/v2/users 
 headers={'User-Agent': 'python-requests/2.32.4', 'Accept-Encoding': 'gzip, deflate', 'Accept': '*/*', 'Connection': 'keep-alive', 'Authorization': 'Bearer invalidtoken'} 
 body=None 
 </msg>
<msg time="2025-07-03T13:16:52.679506" level="INFO">GET Response : url=https://gorest.co.in/public/v2/users 
 status=401, reason=Unauthorized 
 headers={'Date': 'Thu, 03 Jul 2025 07:46:52 GMT', 'Content-Type': 'application/json; charset=utf-8', 'Content-Length': '27', 'Connection': 'keep-alive', 'Cache-Control': 'no-cache', 'Feature-Policy': "camera 'none'; gyroscope 'none'; microphone 'none'; usb 'none'; fullscreen 'self'", 'Referrer-Policy': 'strict-origin-when-cross-origin', 'Vary': 'Origin', 'X-Content-Type-Options': 'nosniff', 'X-Download-Options': 'noopen', 'X-Frame-Options': 'SAMEORIGIN', 'X-Permitted-Cross-Domain-Policies': 'none', 'X-Request-Id': '456fd2da-2a86-4cfe-8091-99eddd7c964e', 'X-Runtime': '0.027007', 'X-Xss-Protection': '0', 'Cf-Cache-Status': 'DYNAMIC', 'Nel': '{"report_to":"cf-nel","success_fraction":0.0,"max_age":604800}', 'Report-To': '{"group":"cf-nel","max_age":604800,"endpoints":[{"url":"https://a.nel.cloudflare.com/report/v4?s=Y3Bmyw0hWRtxQ%2BI5YxAYAs7MScArqeTI38P3f%2FQ6AGj7eMDRvsh5qPDdWse724RcpVC6WM4n7FsZSwbEdobBVtJ9R%2B6%2F%2BlIetMY%3D"}]}', 'Server': 'cloudflare', 'CF-RAY': '9594c58368cf4fea-MRS', 'alt-svc': 'h3=":443"; ma=86400'} 
 body={"message":"Invalid token"} 
 </msg>
<msg time="2025-07-03T13:16:52.679715" level="INFO">/Library/Frameworks/Python.framework/Versions/3.13/lib/python3.13/site-packages/urllib3/connectionpool.py:1097: InsecureRequestWarning: Unverified HTTPS request is being made to host 'gorest.co.in'. Adding certificate verification is strongly advised. See: https://urllib3.readthedocs.io/en/latest/advanced-usage.html#tls-warnings
  warnings.warn(</msg>
<msg time="2025-07-03T13:16:52.680209" level="FAIL">Url: https://gorest.co.in/public/v2/users Expected status: 401 != 200</msg>
<var>${response}</var>
<arg>gorest</arg>
<arg>/users</arg>
<arg>expected_status=200</arg>
<doc>Sends a GET request on a previously created HTTP Session.</doc>
<status status="FAIL" start="2025-07-03T13:16:51.561039" elapsed="1.126421">Url: https://gorest.co.in/public/v2/users Expected status: 401 != 200</status>
</kw>
<kw name="Should Be Equal As Integers" owner="BuiltIn">
<arg>${response.status_code}</arg>
<arg>401</arg>
<doc>Fails if objects are unequal after converting them to integers.</doc>
<status status="NOT RUN" start="2025-07-03T13:16:52.688334" elapsed="0.000107"/>
</kw>
<tag>regression</tag>
<status status="FAIL" start="2025-07-03T13:16:51.560180" elapsed="1.128795">Url: https://gorest.co.in/public/v2/users Expected status: 401 != 200</status>
</test>
<status status="FAIL" start="2025-07-03T13:16:51.389534" elapsed="1.300289"/>
</suite>
<statistics>
<total>
<stat pass="0" fail="1" skip="0">All Tests</stat>
</total>
<tag>
<stat pass="0" fail="1" skip="0">regression</stat>
</tag>
<suite>
<stat name="Access With Invalid Token" id="s1" pass="0" fail="1" skip="0">Access With Invalid Token</stat>
</suite>
</statistics>
<errors>
</errors>
</robot>
