<?xml version="1.0" encoding="UTF-8"?>
<robot generator="Robot 7.3.1 (Python 3.13.5 on darwin)" generated="2025-06-30T23:55:54.138978" rpa="false" schemaversion="5">
<suite id="s1" name="Update User With Valid Data" source="/Users/vivadivel/Desktop/gorest-api-framework/tests/gorest/Update/Update_User_With_Valid_Data.robot">
<test id="s1-t1" name="Update User With Valid Data" line="6">
<kw name="Create Valid User" owner="keywords">
<kw name="Get Auth Headers" owner="variables">
<kw name="Get File" owner="OperatingSystem">
<msg time="2025-06-30T23:55:54.218121" level="INFO" html="true">Getting file '&lt;a href="file:///Users/vivadivel/Desktop/gorest-api-framework/data/token.txt"&gt;/Users/vivadivel/Desktop/gorest-api-framework/data/token.txt&lt;/a&gt;'.</msg>
<msg time="2025-06-30T23:55:54.218296" level="INFO">${token} = c4eccee2067e7369de308d498b32beea56e5299c086c5e6df38dec7a44b96880
</msg>
<var>${token}</var>
<arg>${TOKEN_FILE}</arg>
<doc>Returns the contents of a specified file.</doc>
<status status="PASS" start="2025-06-30T23:55:54.218059" elapsed="0.000248"/>
</kw>
<kw name="Should Not Be Empty" owner="BuiltIn">
<msg time="2025-06-30T23:55:54.218420" level="INFO">Length is 65.</msg>
<arg>${token}</arg>
<arg>msg=Token file is empty</arg>
<doc>Verifies that the given item is not empty.</doc>
<status status="PASS" start="2025-06-30T23:55:54.218353" elapsed="0.000082"/>
</kw>
<kw name="Strip String" owner="String">
<msg time="2025-06-30T23:55:54.218516" level="INFO">${token} = c4eccee2067e7369de308d498b32beea56e5299c086c5e6df38dec7a44b96880</msg>
<var>${token}</var>
<arg>${token}</arg>
<doc>Remove leading and/or trailing whitespaces from the given string.</doc>
<status status="PASS" start="2025-06-30T23:55:54.218470" elapsed="0.000053"/>
</kw>
<kw name="Create Dictionary" owner="BuiltIn">
<msg time="2025-06-30T23:55:54.218659" level="INFO">&amp;{headers} = { Authorization=Bearer c4eccee2067e7369de308d498b32beea56e5299c086c5e6df38dec7a44b96880 }</msg>
<var>&amp;{headers}</var>
<arg>Authorization=Bearer ${token}</arg>
<doc>Creates and returns a dictionary based on the given ``items``.</doc>
<status status="PASS" start="2025-06-30T23:55:54.218559" elapsed="0.000108"/>
</kw>
<kw name="Log" owner="BuiltIn">
<msg time="2025-06-30T23:55:54.218737" level="INFO">Token: Bearer c4eccee2067e7369de308d498b32beea56e5299c086c5e6df38dec7a44b96880</msg>
<arg>Token: Bearer ${token}</arg>
<doc>Logs the given message with the given level.</doc>
<status status="PASS" start="2025-06-30T23:55:54.218699" elapsed="0.000049"/>
</kw>
<return>
<value>&amp;{headers}</value>
<status status="PASS" start="2025-06-30T23:55:54.218763" elapsed="0.000017"/>
</return>
<msg time="2025-06-30T23:55:54.218824" level="INFO">${headers} = {'Authorization': 'Bearer c4eccee2067e7369de308d498b32beea56e5299c086c5e6df38dec7a44b96880'}</msg>
<var>${headers}</var>
<status status="PASS" start="2025-06-30T23:55:54.217822" elapsed="0.001009"/>
</kw>
<kw name="Create Session" owner="RequestsLibrary">
<msg time="2025-06-30T23:55:54.218926" level="INFO">Creating Session using : alias=gorest, url=https://gorest.co.in/public/v2, headers={'Authorization': 'Bearer c4eccee2067e7369de308d498b32beea56e5299c086c5e6df38dec7a44b96880'},                     cookies={}, auth=None, timeout=None, proxies=None, verify=False,                     debug=0 </msg>
<arg>gorest</arg>
<arg>${BASE_URL}</arg>
<arg>headers=${headers}</arg>
<doc>Create Session: create a HTTP session to a server</doc>
<status status="PASS" start="2025-06-30T23:55:54.218861" elapsed="0.000127"/>
</kw>
<kw name="Generate Random String" owner="keywords">
<kw name="Set Variable" owner="BuiltIn">
<msg time="2025-06-30T23:55:54.219143" level="INFO">${CHARS} = abcdefghijklmnopqrstuvwxyz0123456789</msg>
<var>${CHARS}</var>
<arg>abcdefghijklmnopqrstuvwxyz0123456789</arg>
<doc>Returns the given values which can then be assigned to a variables.</doc>
<status status="PASS" start="2025-06-30T23:55:54.219107" elapsed="0.000043"/>
</kw>
<kw name="Evaluate" owner="BuiltIn">
<msg time="2025-06-30T23:55:54.219287" level="INFO">${result} = nrjy6</msg>
<var>${result}</var>
<arg>''.join(random.choices('${CHARS}', k=${length}))</arg>
<arg>random</arg>
<doc>Evaluates the given expression in Python and returns the result.</doc>
<status status="PASS" start="2025-06-30T23:55:54.219180" elapsed="0.000115"/>
</kw>
<return>
<value>${result}</value>
<status status="PASS" start="2025-06-30T23:55:54.219310" elapsed="0.000010"/>
</return>
<msg time="2025-06-30T23:55:54.219354" level="INFO">${random} = nrjy6</msg>
<var>${random}</var>
<arg>5</arg>
<status status="PASS" start="2025-06-30T23:55:54.219036" elapsed="0.000325"/>
</kw>
<kw name="Create Dictionary" owner="BuiltIn">
<msg time="2025-06-30T23:55:54.219463" level="INFO">${data} = {'name': 'Test User', 'gender': 'male', 'email': 'testusernrjy6@domain.com', 'status': 'active'}</msg>
<var>${data}</var>
<arg>name=Test User</arg>
<arg>gender=male</arg>
<arg>email=testuser${random}@domain.com</arg>
<arg>status=active</arg>
<doc>Creates and returns a dictionary based on the given ``items``.</doc>
<status status="PASS" start="2025-06-30T23:55:54.219393" elapsed="0.000078"/>
</kw>
<kw name="POST On Session" owner="RequestsLibrary">
<msg time="2025-06-30T23:55:55.096248" level="INFO">POST Request : url=https://gorest.co.in/public/v2/users 
 path_url=/public/v2/users 
 headers={'User-Agent': 'python-requests/2.32.4', 'Accept-Encoding': 'gzip, deflate', 'Accept': '*/*', 'Connection': 'keep-alive', 'Authorization': 'Bearer c4eccee2067e7369de308d498b32beea56e5299c086c5e6df38dec7a44b96880', 'Content-Length': '96', 'Content-Type': 'application/json'} 
 body=b'{"name": "Test User", "gender": "male", "email": "testusernrjy6@domain.com", "status": "active"}' 
 </msg>
<msg time="2025-06-30T23:55:55.096337" level="INFO">POST Response : url=https://gorest.co.in/public/v2/users 
 status=201, reason=Created 
 headers={'Date': 'Mon, 30 Jun 2025 18:25:55 GMT', 'Content-Type': 'application/json; charset=utf-8', 'Content-Length': '102', 'Connection': 'keep-alive', 'Cache-Control': 'max-age=0, private, must-revalidate', 'Etag': 'W/"974b1cd21b50277515043513b456dfb5"', 'Feature-Policy': "camera 'none'; gyroscope 'none'; microphone 'none'; usb 'none'; fullscreen 'self'", 'Location': 'https://gorest.co.in/public/v2/users/7975694', 'Referrer-Policy': 'strict-origin-when-cross-origin', 'Vary': 'Origin', 'X-Content-Type-Options': 'nosniff', 'X-Download-Options': 'noopen', 'X-Frame-Options': 'SAMEORIGIN', 'X-Permitted-Cross-Domain-Policies': 'none', 'X-Ratelimit-Limit': '90', 'X-Ratelimit-Remaining': '89', 'X-Ratelimit-Reset': '1', 'X-Request-Id': 'be6327fc-8bf8-494b-b5d7-ace93f3b68d7', 'X-Runtime': '0.290677', 'X-Xss-Protection': '0', 'Cf-Cache-Status': 'DYNAMIC', 'Nel': '{"report_to":"cf-nel","success_fraction":0.0,"max_age":604800}', 'Report-To': '{"group":"cf-nel","max_age":604800,"endpoints":[{"url":"https://a.nel.cloudflare.com/report/v4?s=fl7T26FLk6DtIhwvcC3LF4D%2FtN%2FkMSGnVNIzr1ASX%2FiZBWpzuEmtNuuX6GGtyO3oW8mVISpib1kgDYBip7JNdCGsJUA8L2%2FqAJX1zN49FatZG%2FQ%2Bh5mLBw%3D%3D"}]}', 'Server': 'cloudflare', 'CF-RAY': '957fb57aeeee602d-SIN', 'alt-svc': 'h3=":443"; ma=86400'} 
 body={"id":7975694,"name":"Test User","email":"testusernrjy6@domain.com","gender":"male","status":"active"} 
 </msg>
<msg time="2025-06-30T23:55:55.096384" level="INFO">/Library/Frameworks/Python.framework/Versions/3.13/lib/python3.13/site-packages/urllib3/connectionpool.py:1097: InsecureRequestWarning: Unverified HTTPS request is being made to host 'gorest.co.in'. Adding certificate verification is strongly advised. See: https://urllib3.readthedocs.io/en/latest/advanced-usage.html#tls-warnings
  warnings.warn(</msg>
<msg time="2025-06-30T23:55:55.096485" level="INFO">${response} = &lt;Response [201]&gt;</msg>
<var>${response}</var>
<arg>gorest</arg>
<arg>/users</arg>
<arg>json=${data}</arg>
<doc>Sends a POST request on a previously created HTTP Session.</doc>
<status status="PASS" start="2025-06-30T23:55:54.219503" elapsed="0.876999"/>
</kw>
<kw name="Should Be Equal As Integers" owner="BuiltIn">
<msg time="2025-06-30T23:55:55.096940" level="INFO">Argument types are:
&lt;class 'int'&gt;
&lt;class 'str'&gt;</msg>
<arg>${response.status_code}</arg>
<arg>201</arg>
<doc>Fails if objects are unequal after converting them to integers.</doc>
<status status="PASS" start="2025-06-30T23:55:55.096606" elapsed="0.000426"/>
</kw>
<kw name="Convert String To Json" owner="JSONLibrary">
<msg time="2025-06-30T23:55:55.097352" level="INFO">${json} = {'id': 7975694, 'name': 'Test User', 'email': 'testusernrjy6@domain.com', 'gender': 'male', 'status': 'active'}</msg>
<var>${json}</var>
<arg>${response.content}</arg>
<doc>Convert String to JSON object</doc>
<status status="PASS" start="2025-06-30T23:55:55.097097" elapsed="0.000269"/>
</kw>
<return>
<value>${json['id']}</value>
<status status="PASS" start="2025-06-30T23:55:55.097395" elapsed="0.000024"/>
</return>
<msg time="2025-06-30T23:55:55.097657" level="INFO">${user_id} = 7975694</msg>
<var>${user_id}</var>
<status status="PASS" start="2025-06-30T23:55:54.217708" elapsed="0.879961"/>
</kw>
<kw name="Get Auth Headers" owner="variables">
<kw name="Get File" owner="OperatingSystem">
<msg time="2025-06-30T23:55:55.097995" level="INFO" html="true">Getting file '&lt;a href="file:///Users/vivadivel/Desktop/gorest-api-framework/data/token.txt"&gt;/Users/vivadivel/Desktop/gorest-api-framework/data/token.txt&lt;/a&gt;'.</msg>
<msg time="2025-06-30T23:55:55.098144" level="INFO">${token} = c4eccee2067e7369de308d498b32beea56e5299c086c5e6df38dec7a44b96880
</msg>
<var>${token}</var>
<arg>${TOKEN_FILE}</arg>
<doc>Returns the contents of a specified file.</doc>
<status status="PASS" start="2025-06-30T23:55:55.097925" elapsed="0.000231"/>
</kw>
<kw name="Should Not Be Empty" owner="BuiltIn">
<msg time="2025-06-30T23:55:55.098297" level="INFO">Length is 65.</msg>
<arg>${token}</arg>
<arg>msg=Token file is empty</arg>
<doc>Verifies that the given item is not empty.</doc>
<status status="PASS" start="2025-06-30T23:55:55.098208" elapsed="0.000361"/>
</kw>
<kw name="Strip String" owner="String">
<msg time="2025-06-30T23:55:55.098702" level="INFO">${token} = c4eccee2067e7369de308d498b32beea56e5299c086c5e6df38dec7a44b96880</msg>
<var>${token}</var>
<arg>${token}</arg>
<doc>Remove leading and/or trailing whitespaces from the given string.</doc>
<status status="PASS" start="2025-06-30T23:55:55.098624" elapsed="0.000090"/>
</kw>
<kw name="Create Dictionary" owner="BuiltIn">
<msg time="2025-06-30T23:55:55.098901" level="INFO">&amp;{headers} = { Authorization=Bearer c4eccee2067e7369de308d498b32beea56e5299c086c5e6df38dec7a44b96880 }</msg>
<var>&amp;{headers}</var>
<arg>Authorization=Bearer ${token}</arg>
<doc>Creates and returns a dictionary based on the given ``items``.</doc>
<status status="PASS" start="2025-06-30T23:55:55.098771" elapsed="0.000144"/>
</kw>
<kw name="Log" owner="BuiltIn">
<msg time="2025-06-30T23:55:55.099026" level="INFO">Token: Bearer c4eccee2067e7369de308d498b32beea56e5299c086c5e6df38dec7a44b96880</msg>
<arg>Token: Bearer ${token}</arg>
<doc>Logs the given message with the given level.</doc>
<status status="PASS" start="2025-06-30T23:55:55.098966" elapsed="0.000080"/>
</kw>
<return>
<value>&amp;{headers}</value>
<status status="PASS" start="2025-06-30T23:55:55.099067" elapsed="0.000016"/>
</return>
<msg time="2025-06-30T23:55:55.099148" level="INFO">${headers} = {'Authorization': 'Bearer c4eccee2067e7369de308d498b32beea56e5299c086c5e6df38dec7a44b96880'}</msg>
<var>${headers}</var>
<status status="PASS" start="2025-06-30T23:55:55.097800" elapsed="0.001359"/>
</kw>
<kw name="Create Session" owner="RequestsLibrary">
<msg time="2025-06-30T23:55:55.099338" level="INFO">Creating Session using : alias=gorest, url=https://gorest.co.in/public/v2, headers={'Authorization': 'Bearer c4eccee2067e7369de308d498b32beea56e5299c086c5e6df38dec7a44b96880'},                     cookies={}, auth=None, timeout=None, proxies=None, verify=False,                     debug=0 </msg>
<arg>gorest</arg>
<arg>${BASE_URL}</arg>
<arg>headers=${headers}</arg>
<doc>Create Session: create a HTTP session to a server</doc>
<status status="PASS" start="2025-06-30T23:55:55.099233" elapsed="0.000187"/>
</kw>
<kw name="Create Dictionary" owner="BuiltIn">
<msg time="2025-06-30T23:55:55.099570" level="INFO">${data} = {'name': 'Updated Name'}</msg>
<var>${data}</var>
<arg>name=Updated Name</arg>
<doc>Creates and returns a dictionary based on the given ``items``.</doc>
<status status="PASS" start="2025-06-30T23:55:55.099495" elapsed="0.000087"/>
</kw>
<kw name="PATCH On Session" owner="RequestsLibrary">
<msg time="2025-06-30T23:55:55.815819" level="INFO">PATCH Request : url=https://gorest.co.in/public/v2/users/7975694 
 path_url=/public/v2/users/7975694 
 headers={'User-Agent': 'python-requests/2.32.4', 'Accept-Encoding': 'gzip, deflate', 'Accept': '*/*', 'Connection': 'keep-alive', 'Authorization': 'Bearer c4eccee2067e7369de308d498b32beea56e5299c086c5e6df38dec7a44b96880', 'Content-Length': '24', 'Content-Type': 'application/json'} 
 body=b'{"name": "Updated Name"}' 
 </msg>
<msg time="2025-06-30T23:55:55.816076" level="INFO">PATCH Response : url=https://gorest.co.in/public/v2/users/7975694 
 status=200, reason=OK 
 headers={'Date': 'Mon, 30 Jun 2025 18:25:55 GMT', 'Content-Type': 'application/json; charset=utf-8', 'Transfer-Encoding': 'chunked', 'Connection': 'keep-alive', 'Cache-Control': 'max-age=0, private, must-revalidate', 'Etag': 'W/"55a4288d25418845b4f67096ba183bc2"', 'Feature-Policy': "camera 'none'; gyroscope 'none'; microphone 'none'; usb 'none'; fullscreen 'self'", 'Referrer-Policy': 'strict-origin-when-cross-origin', 'Vary': 'Origin', 'X-Content-Type-Options': 'nosniff', 'X-Download-Options': 'noopen', 'X-Frame-Options': 'SAMEORIGIN', 'X-Permitted-Cross-Domain-Policies': 'none', 'X-Ratelimit-Limit': '90', 'X-Ratelimit-Remaining': '89', 'X-Ratelimit-Reset': '1', 'X-Request-Id': 'c2f07358-e7b2-4e80-9f18-70b8ecb1956f', 'X-Runtime': '0.191101', 'X-Xss-Protection': '0', 'Cf-Cache-Status': 'DYNAMIC', 'Nel': '{"report_to":"cf-nel","success_fraction":0.0,"max_age":604800}', 'Report-To': '{"group":"cf-nel","max_age":604800,"endpoints":[{"url":"https://a.nel.cloudflare.com/report/v4?s=TImzttqkIcljhZaUUPdGjEJqiPVWZJRBSorVNRCump0GIye9G25RP64WjyH1svMfM%2Fa4nvNFAa7BanSAmiPhd%2FmsyY3kvzAHfvX6SA%2Bpr70ne1JA1ayBiw%3D%3D"}]}', 'Content-Encoding': 'gzip', 'Server': 'cloudflare', 'CF-RAY': '957fb5803a33fdc4-SIN', 'alt-svc': 'h3=":443"; ma=86400'} 
 body={"name":"Updated Name","id":7975694,"email":"testusernrjy6@domain.com","gender":"male","status":"active"} 
 </msg>
<msg time="2025-06-30T23:55:55.816317" level="INFO">/Library/Frameworks/Python.framework/Versions/3.13/lib/python3.13/site-packages/urllib3/connectionpool.py:1097: InsecureRequestWarning: Unverified HTTPS request is being made to host 'gorest.co.in'. Adding certificate verification is strongly advised. See: https://urllib3.readthedocs.io/en/latest/advanced-usage.html#tls-warnings
  warnings.warn(</msg>
<msg time="2025-06-30T23:55:55.816679" level="INFO">${response} = &lt;Response [200]&gt;</msg>
<var>${response}</var>
<arg>gorest</arg>
<arg>/users/${user_id}</arg>
<arg>json=${data}</arg>
<doc>Sends a PATCH request on a previously created HTTP Session.</doc>
<status status="PASS" start="2025-06-30T23:55:55.099646" elapsed="0.717093"/>
</kw>
<kw name="Should Be Equal As Integers" owner="BuiltIn">
<msg time="2025-06-30T23:55:55.818333" level="INFO">Argument types are:
&lt;class 'int'&gt;
&lt;class 'str'&gt;</msg>
<arg>${response.status_code}</arg>
<arg>200</arg>
<doc>Fails if objects are unequal after converting them to integers.</doc>
<status status="PASS" start="2025-06-30T23:55:55.817241" elapsed="0.001210"/>
</kw>
<kw name="Convert String To Json" owner="JSONLibrary">
<msg time="2025-06-30T23:55:55.819720" level="INFO">${json} = {'name': 'Updated Name', 'id': 7975694, 'email': 'testusernrjy6@domain.com', 'gender': 'male', 'status': 'active'}</msg>
<var>${json}</var>
<arg>${response.content}</arg>
<doc>Convert String to JSON object</doc>
<status status="PASS" start="2025-06-30T23:55:55.818798" elapsed="0.000970"/>
</kw>
<kw name="Should Be Equal" owner="BuiltIn">
<arg>${json['name']}</arg>
<arg>Updated Name</arg>
<doc>Fails if the given objects are unequal.</doc>
<status status="PASS" start="2025-06-30T23:55:55.820076" elapsed="0.000843"/>
</kw>
<status status="PASS" start="2025-06-30T23:55:54.217442" elapsed="1.603917"/>
</test>
<status status="PASS" start="2025-06-30T23:55:54.139784" elapsed="1.682434"/>
</suite>
<statistics>
<total>
<stat pass="1" fail="0" skip="0">All Tests</stat>
</total>
<tag>
</tag>
<suite>
<stat name="Update User With Valid Data" id="s1" pass="1" fail="0" skip="0">Update User With Valid Data</stat>
</suite>
</statistics>
<errors>
</errors>
</robot>
